95S0 SW4 1.00000e+06 5.00000e+04 0.00000e+00 0 1 1000 1 displacement  
95S1 SW4 1.00000e+06 6.00000e+04 0.00000e+00 0 1 1000 1 displacement  
95S2 SW4 1.00000e+06 7.00000e+04 0.00000e+00 0 1 1000 1 displacement  
95S3 SW4 1.00000e+06 8.00000e+04 0.00000e+00 0 1 1000 1 displacement  
95S4 SW4 1.00000e+06 9.00000e+04 0.00000e+00 0 1 1000 1 displacement  
95S5 SW4 1.00000e+06 1.00000e+05 0.00000e+00 0 1 1000 1 displacement  
95S6 SW4 1.00000e+06 1.10000e+05 0.00000e+00 0 1 1000 1 displacement  
95S7 SW4 1.00000e+06 1.20000e+05 0.00000e+00 0 1 1000 1 displacement  
95S8 SW4 1.00000e+06 1.30000e+05 0.00000e+00 0 1 1000 1 displacement  
95S9 SW4 1.00000e+06 1.40000e+05 0.00000e+00 0 1 1000 1 displacement  
95S10 SW4 1.00000e+06 1.50000e+05 0.00000e+00 0 1 1000 1 displacement  
95S11 SW4 1.00000e+06 1.60000e+05 0.00000e+00 0 1 1000 1 displacement  
95S12 SW4 1.00000e+06 1.70000e+05 0.00000e+00 0 1 1000 1 displacement  
95S13 SW4 1.00000e+06 1.80000e+05 0.00000e+00 0 1 1000 1 displacement  
95S14 SW4 1.00000e+06 1.90000e+05 0.00000e+00 0 1 1000 1 displacement  
95S15 SW4 1.00000e+06 2.00000e+05 0.00000e+00 0 1 1000 1 displacement  
95S16 SW4 1.00000e+06 2.10000e+05 0.00000e+00 0 1 1000 1 displacement  
95S17 SW4 1.00000e+06 2.20000e+05 0.00000e+00 0 1 1000 1 displacement  
95S18 SW4 1.00000e+06 2.30000e+05 0.00000e+00 0 1 1000 1 displacement  
95S19 SW4 1.00000e+06 2.40000e+05 0.00000e+00 0 1 1000 1 displacement  
95S20 SW4 1.00000e+06 2.50000e+05 0.00000e+00 0 1 1000 1 displacement  
95S21 SW4 1.00000e+06 2.60000e+05 0.00000e+00 0 1 1000 1 displacement  
95S22 SW4 1.00000e+06 2.70000e+05 0.00000e+00 0 1 1000 1 displacement  
95S23 SW4 1.00000e+06 2.80000e+05 0.00000e+00 0 1 1000 1 displacement  
95S24 SW4 1.00000e+06 2.90000e+05 0.00000e+00 0 1 1000 1 displacement  
95S25 SW4 1.00000e+06 3.00000e+05 0.00000e+00 0 1 1000 1 displacement  
95S26 SW4 1.00000e+06 3.10000e+05 0.00000e+00 0 1 1000 1 displacement  
95S27 SW4 1.00000e+06 3.20000e+05 0.00000e+00 0 1 1000 1 displacement  
95S28 SW4 1.00000e+06 3.30000e+05 0.00000e+00 0 1 1000 1 displacement  
95S29 SW4 1.00000e+06 3.40000e+05 0.00000e+00 0 1 1000 1 displacement  
95S30 SW4 1.00000e+06 3.50000e+05 0.00000e+00 0 1 1000 1 displacement  
95S31 SW4 1.00000e+06 3.60000e+05 0.00000e+00 0 1 1000 1 displacement  
95S32 SW4 1.00000e+06 3.70000e+05 0.00000e+00 0 1 1000 1 displacement  
95S33 SW4 1.00000e+06 3.80000e+05 0.00000e+00 0 1 1000 1 displacement  
95S34 SW4 1.00000e+06 3.90000e+05 0.00000e+00 0 1 1000 1 displacement  
95S35 SW4 1.00000e+06 4.00000e+05 0.00000e+00 0 1 1000 1 displacement  
95S36 SW4 1.00000e+06 4.10000e+05 0.00000e+00 0 1 1000 1 displacement  
95S37 SW4 1.00000e+06 4.20000e+05 0.00000e+00 0 1 1000 1 displacement  
95S38 SW4 1.00000e+06 4.30000e+05 0.00000e+00 0 1 1000 1 displacement  
95S39 SW4 1.00000e+06 4.40000e+05 0.00000e+00 0 1 1000 1 displacement  
95S40 SW4 1.00000e+06 4.50000e+05 0.00000e+00 0 1 1000 1 displacement  
95S41 SW4 1.00000e+06 4.60000e+05 0.00000e+00 0 1 1000 1 displacement  
95S42 SW4 1.00000e+06 4.70000e+05 0.00000e+00 0 1 1000 1 displacement  
95S43 SW4 1.00000e+06 4.80000e+05 0.00000e+00 0 1 1000 1 displacement  
95S44 SW4 1.00000e+06 4.90000e+05 0.00000e+00 0 1 1000 1 displacement  
95S45 SW4 1.00000e+06 5.00000e+05 0.00000e+00 0 1 1000 1 displacement  
95S46 SW4 1.00000e+06 5.10000e+05 0.00000e+00 0 1 1000 1 displacement  
95S47 SW4 1.00000e+06 5.20000e+05 0.00000e+00 0 1 1000 1 displacement  
95S48 SW4 1.00000e+06 5.30000e+05 0.00000e+00 0 1 1000 1 displacement  
95S49 SW4 1.00000e+06 5.40000e+05 0.00000e+00 0 1 1000 1 displacement  
95S50 SW4 1.00000e+06 5.50000e+05 0.00000e+00 0 1 1000 1 displacement  
95S51 SW4 1.00000e+06 5.60000e+05 0.00000e+00 0 1 1000 1 displacement  
95S52 SW4 1.00000e+06 5.70000e+05 0.00000e+00 0 1 1000 1 displacement  
95S53 SW4 1.00000e+06 5.80000e+05 0.00000e+00 0 1 1000 1 displacement  
95S54 SW4 1.00000e+06 5.90000e+05 0.00000e+00 0 1 1000 1 displacement  
95S55 SW4 1.00000e+06 6.00000e+05 0.00000e+00 0 1 1000 1 displacement  
95S56 SW4 1.00000e+06 6.10000e+05 0.00000e+00 0 1 1000 1 displacement  
95S57 SW4 1.00000e+06 6.20000e+05 0.00000e+00 0 1 1000 1 displacement  
95S58 SW4 1.00000e+06 6.30000e+05 0.00000e+00 0 1 1000 1 displacement  
95S59 SW4 1.00000e+06 6.40000e+05 0.00000e+00 0 1 1000 1 displacement  
95S60 SW4 1.00000e+06 6.50000e+05 0.00000e+00 0 1 1000 1 displacement  
95S61 SW4 1.00000e+06 6.60000e+05 0.00000e+00 0 1 1000 1 displacement  
95S62 SW4 1.00000e+06 6.70000e+05 0.00000e+00 0 1 1000 1 displacement  
95S63 SW4 1.00000e+06 6.80000e+05 0.00000e+00 0 1 1000 1 displacement  
95S64 SW4 1.00000e+06 6.90000e+05 0.00000e+00 0 1 1000 1 displacement  
95S65 SW4 1.00000e+06 7.00000e+05 0.00000e+00 0 1 1000 1 displacement  
95S66 SW4 1.00000e+06 7.10000e+05 0.00000e+00 0 1 1000 1 displacement  
95S67 SW4 1.00000e+06 7.20000e+05 0.00000e+00 0 1 1000 1 displacement  
95S68 SW4 1.00000e+06 7.30000e+05 0.00000e+00 0 1 1000 1 displacement  
95S69 SW4 1.00000e+06 7.40000e+05 0.00000e+00 0 1 1000 1 displacement  
95S70 SW4 1.00000e+06 7.50000e+05 0.00000e+00 0 1 1000 1 displacement  
95S71 SW4 1.00000e+06 7.60000e+05 0.00000e+00 0 1 1000 1 displacement  
95S72 SW4 1.00000e+06 7.70000e+05 0.00000e+00 0 1 1000 1 displacement  
95S73 SW4 1.00000e+06 7.80000e+05 0.00000e+00 0 1 1000 1 displacement  
95S74 SW4 1.00000e+06 7.90000e+05 0.00000e+00 0 1 1000 1 displacement  
95S75 SW4 1.00000e+06 8.00000e+05 0.00000e+00 0 1 1000 1 displacement  
95S76 SW4 1.00000e+06 8.10000e+05 0.00000e+00 0 1 1000 1 displacement  
95S77 SW4 1.00000e+06 8.20000e+05 0.00000e+00 0 1 1000 1 displacement  
95S78 SW4 1.00000e+06 8.30000e+05 0.00000e+00 0 1 1000 1 displacement  
95S79 SW4 1.00000e+06 8.40000e+05 0.00000e+00 0 1 1000 1 displacement  
95S80 SW4 1.00000e+06 8.50000e+05 0.00000e+00 0 1 1000 1 displacement  
95S81 SW4 1.00000e+06 8.60000e+05 0.00000e+00 0 1 1000 1 displacement  
95S82 SW4 1.00000e+06 8.70000e+05 0.00000e+00 0 1 1000 1 displacement  
95S83 SW4 1.00000e+06 8.80000e+05 0.00000e+00 0 1 1000 1 displacement  
95S84 SW4 1.00000e+06 8.90000e+05 0.00000e+00 0 1 1000 1 displacement  
95S85 SW4 1.00000e+06 9.00000e+05 0.00000e+00 0 1 1000 1 displacement  
95S86 SW4 1.00000e+06 9.10000e+05 0.00000e+00 0 1 1000 1 displacement  
95S87 SW4 1.00000e+06 9.20000e+05 0.00000e+00 0 1 1000 1 displacement  
95S88 SW4 1.00000e+06 9.30000e+05 0.00000e+00 0 1 1000 1 displacement  
95S89 SW4 1.00000e+06 9.40000e+05 0.00000e+00 0 1 1000 1 displacement  
95S90 SW4 1.00000e+06 9.50000e+05 0.00000e+00 0 1 1000 1 displacement  
95S91 SW4 1.00000e+06 9.60000e+05 0.00000e+00 0 1 1000 1 displacement  
95S92 SW4 1.00000e+06 9.70000e+05 0.00000e+00 0 1 1000 1 displacement  
95S93 SW4 1.00000e+06 9.80000e+05 0.00000e+00 0 1 1000 1 displacement  
95S94 SW4 1.00000e+06 9.90000e+05 0.00000e+00 0 1 1000 1 displacement  
95S95 SW4 1.00000e+06 1.00000e+06 0.00000e+00 0 1 1000 1 displacement  
95S96 SW4 1.00000e+06 1.01000e+06 0.00000e+00 0 1 1000 1 displacement  
95S97 SW4 1.00000e+06 1.02000e+06 0.00000e+00 0 1 1000 1 displacement  
95S98 SW4 1.00000e+06 1.03000e+06 0.00000e+00 0 1 1000 1 displacement  
95S99 SW4 1.00000e+06 1.04000e+06 0.00000e+00 0 1 1000 1 displacement  
95S100 SW4 1.00000e+06 1.05000e+06 0.00000e+00 0 1 1000 1 displacement  
95S101 SW4 1.00000e+06 1.06000e+06 0.00000e+00 0 1 1000 1 displacement  
95S102 SW4 1.00000e+06 1.07000e+06 0.00000e+00 0 1 1000 1 displacement  
95S103 SW4 1.00000e+06 1.08000e+06 0.00000e+00 0 1 1000 1 displacement  
95S104 SW4 1.00000e+06 1.09000e+06 0.00000e+00 0 1 1000 1 displacement  
95S105 SW4 1.00000e+06 1.10000e+06 0.00000e+00 0 1 1000 1 displacement  
95S106 SW4 1.00000e+06 1.11000e+06 0.00000e+00 0 1 1000 1 displacement  
95S107 SW4 1.00000e+06 1.12000e+06 0.00000e+00 0 1 1000 1 displacement  
95S108 SW4 1.00000e+06 1.13000e+06 0.00000e+00 0 1 1000 1 displacement  
95S109 SW4 1.00000e+06 1.14000e+06 0.00000e+00 0 1 1000 1 displacement  
95S110 SW4 1.00000e+06 1.15000e+06 0.00000e+00 0 1 1000 1 displacement  
95S111 SW4 1.00000e+06 1.16000e+06 0.00000e+00 0 1 1000 1 displacement  
95S112 SW4 1.00000e+06 1.17000e+06 0.00000e+00 0 1 1000 1 displacement  
95S113 SW4 1.00000e+06 1.18000e+06 0.00000e+00 0 1 1000 1 displacement  
95S114 SW4 1.00000e+06 1.19000e+06 0.00000e+00 0 1 1000 1 displacement  
95S115 SW4 1.00000e+06 1.20000e+06 0.00000e+00 0 1 1000 1 displacement  
95S116 SW4 1.00000e+06 1.21000e+06 0.00000e+00 0 1 1000 1 displacement  
95S117 SW4 1.00000e+06 1.22000e+06 0.00000e+00 0 1 1000 1 displacement  
95S118 SW4 1.00000e+06 1.23000e+06 0.00000e+00 0 1 1000 1 displacement  
95S119 SW4 1.00000e+06 1.24000e+06 0.00000e+00 0 1 1000 1 displacement  
95S120 SW4 1.00000e+06 1.25000e+06 0.00000e+00 0 1 1000 1 displacement  
95S121 SW4 1.00000e+06 1.26000e+06 0.00000e+00 0 1 1000 1 displacement  
95S122 SW4 1.00000e+06 1.27000e+06 0.00000e+00 0 1 1000 1 displacement  
95S123 SW4 1.00000e+06 1.28000e+06 0.00000e+00 0 1 1000 1 displacement  
95S124 SW4 1.00000e+06 1.29000e+06 0.00000e+00 0 1 1000 1 displacement  
95S125 SW4 1.00000e+06 1.30000e+06 0.00000e+00 0 1 1000 1 displacement  
95S126 SW4 1.00000e+06 1.31000e+06 0.00000e+00 0 1 1000 1 displacement  
95S127 SW4 1.00000e+06 1.32000e+06 0.00000e+00 0 1 1000 1 displacement  
95S128 SW4 1.00000e+06 1.33000e+06 0.00000e+00 0 1 1000 1 displacement  
95S129 SW4 1.00000e+06 1.34000e+06 0.00000e+00 0 1 1000 1 displacement  
95S130 SW4 1.00000e+06 1.35000e+06 0.00000e+00 0 1 1000 1 displacement  
95S131 SW4 1.00000e+06 1.36000e+06 0.00000e+00 0 1 1000 1 displacement  
95S132 SW4 1.00000e+06 1.37000e+06 0.00000e+00 0 1 1000 1 displacement  
95S133 SW4 1.00000e+06 1.38000e+06 0.00000e+00 0 1 1000 1 displacement  
95S134 SW4 1.00000e+06 1.39000e+06 0.00000e+00 0 1 1000 1 displacement  
95S135 SW4 1.00000e+06 1.40000e+06 0.00000e+00 0 1 1000 1 displacement  
95S136 SW4 1.00000e+06 1.41000e+06 0.00000e+00 0 1 1000 1 displacement  
95S137 SW4 1.00000e+06 1.42000e+06 0.00000e+00 0 1 1000 1 displacement  
95S138 SW4 1.00000e+06 1.43000e+06 0.00000e+00 0 1 1000 1 displacement  
95S139 SW4 1.00000e+06 1.44000e+06 0.00000e+00 0 1 1000 1 displacement  
95S140 SW4 1.00000e+06 1.45000e+06 0.00000e+00 0 1 1000 1 displacement  
95S141 SW4 1.00000e+06 1.46000e+06 0.00000e+00 0 1 1000 1 displacement  
95S142 SW4 1.00000e+06 1.47000e+06 0.00000e+00 0 1 1000 1 displacement  
95S143 SW4 1.00000e+06 1.48000e+06 0.00000e+00 0 1 1000 1 displacement  
95S144 SW4 1.00000e+06 1.49000e+06 0.00000e+00 0 1 1000 1 displacement  
95S145 SW4 1.00000e+06 1.50000e+06 0.00000e+00 0 1 1000 1 displacement  
95S146 SW4 1.00000e+06 1.51000e+06 0.00000e+00 0 1 1000 1 displacement  
95S147 SW4 1.00000e+06 1.52000e+06 0.00000e+00 0 1 1000 1 displacement  
95S148 SW4 1.00000e+06 1.53000e+06 0.00000e+00 0 1 1000 1 displacement  
95S149 SW4 1.00000e+06 1.54000e+06 0.00000e+00 0 1 1000 1 displacement  
95S150 SW4 1.00000e+06 1.55000e+06 0.00000e+00 0 1 1000 1 displacement  
95S151 SW4 1.00000e+06 1.56000e+06 0.00000e+00 0 1 1000 1 displacement  
95S152 SW4 1.00000e+06 1.57000e+06 0.00000e+00 0 1 1000 1 displacement  
95S153 SW4 1.00000e+06 1.58000e+06 0.00000e+00 0 1 1000 1 displacement  
95S154 SW4 1.00000e+06 1.59000e+06 0.00000e+00 0 1 1000 1 displacement  
95S155 SW4 1.00000e+06 1.60000e+06 0.00000e+00 0 1 1000 1 displacement  
95S156 SW4 1.00000e+06 1.61000e+06 0.00000e+00 0 1 1000 1 displacement  
95S157 SW4 1.00000e+06 1.62000e+06 0.00000e+00 0 1 1000 1 displacement  
95S158 SW4 1.00000e+06 1.63000e+06 0.00000e+00 0 1 1000 1 displacement  
95S159 SW4 1.00000e+06 1.64000e+06 0.00000e+00 0 1 1000 1 displacement  
95S160 SW4 1.00000e+06 1.65000e+06 0.00000e+00 0 1 1000 1 displacement  
95S161 SW4 1.00000e+06 1.66000e+06 0.00000e+00 0 1 1000 1 displacement  
95S162 SW4 1.00000e+06 1.67000e+06 0.00000e+00 0 1 1000 1 displacement  
95S163 SW4 1.00000e+06 1.68000e+06 0.00000e+00 0 1 1000 1 displacement  
95S164 SW4 1.00000e+06 1.69000e+06 0.00000e+00 0 1 1000 1 displacement  
95S165 SW4 1.00000e+06 1.70000e+06 0.00000e+00 0 1 1000 1 displacement  
95S166 SW4 1.00000e+06 1.71000e+06 0.00000e+00 0 1 1000 1 displacement  
95S167 SW4 1.00000e+06 1.72000e+06 0.00000e+00 0 1 1000 1 displacement  
95S168 SW4 1.00000e+06 1.73000e+06 0.00000e+00 0 1 1000 1 displacement  
95S169 SW4 1.00000e+06 1.74000e+06 0.00000e+00 0 1 1000 1 displacement  
95S170 SW4 1.00000e+06 1.75000e+06 0.00000e+00 0 1 1000 1 displacement  
95S171 SW4 1.00000e+06 1.76000e+06 0.00000e+00 0 1 1000 1 displacement  
95S172 SW4 1.00000e+06 1.77000e+06 0.00000e+00 0 1 1000 1 displacement  
95S173 SW4 1.00000e+06 1.78000e+06 0.00000e+00 0 1 1000 1 displacement  
95S174 SW4 1.00000e+06 1.79000e+06 0.00000e+00 0 1 1000 1 displacement  
95S175 SW4 1.00000e+06 1.80000e+06 0.00000e+00 0 1 1000 1 displacement  
95S176 SW4 1.00000e+06 1.81000e+06 0.00000e+00 0 1 1000 1 displacement  
95S177 SW4 1.00000e+06 1.82000e+06 0.00000e+00 0 1 1000 1 displacement  
95S178 SW4 1.00000e+06 1.83000e+06 0.00000e+00 0 1 1000 1 displacement  
95S179 SW4 1.00000e+06 1.84000e+06 0.00000e+00 0 1 1000 1 displacement  
95S180 SW4 1.00000e+06 1.85000e+06 0.00000e+00 0 1 1000 1 displacement  
95S181 SW4 1.00000e+06 1.86000e+06 0.00000e+00 0 1 1000 1 displacement  
95S182 SW4 1.00000e+06 1.87000e+06 0.00000e+00 0 1 1000 1 displacement  
95S183 SW4 1.00000e+06 1.88000e+06 0.00000e+00 0 1 1000 1 displacement  
95S184 SW4 1.00000e+06 1.89000e+06 0.00000e+00 0 1 1000 1 displacement  
95S185 SW4 1.00000e+06 1.90000e+06 0.00000e+00 0 1 1000 1 displacement  
95S186 SW4 1.00000e+06 1.91000e+06 0.00000e+00 0 1 1000 1 displacement  
95S187 SW4 1.00000e+06 1.92000e+06 0.00000e+00 0 1 1000 1 displacement  
95S188 SW4 1.00000e+06 1.93000e+06 0.00000e+00 0 1 1000 1 displacement  
95S189 SW4 1.00000e+06 1.94000e+06 0.00000e+00 0 1 1000 1 displacement  
