0S14 SW4 2.00000e+04 3.00000e+05 0.00000e+00 0 1 1000 1 displacement  
1S14 SW4 4.00000e+04 3.00000e+05 0.00000e+00 0 1 1000 1 displacement  
2S14 SW4 6.00000e+04 3.00000e+05 0.00000e+00 0 1 1000 1 displacement  
3S14 SW4 8.00000e+04 3.00000e+05 0.00000e+00 0 1 1000 1 displacement  
4S14 SW4 1.00000e+05 3.00000e+05 0.00000e+00 0 1 1000 1 displacement  
5S14 SW4 1.20000e+05 3.00000e+05 0.00000e+00 0 1 1000 1 displacement  
6S14 SW4 1.40000e+05 3.00000e+05 0.00000e+00 0 1 1000 1 displacement  
7S14 SW4 1.60000e+05 3.00000e+05 0.00000e+00 0 1 1000 1 displacement  
8S14 SW4 1.80000e+05 3.00000e+05 0.00000e+00 0 1 1000 1 displacement  
9S14 SW4 2.00000e+05 3.00000e+05 0.00000e+00 0 1 1000 1 displacement  
10S14 SW4 2.20000e+05 3.00000e+05 0.00000e+00 0 1 1000 1 displacement  
11S14 SW4 2.40000e+05 3.00000e+05 0.00000e+00 0 1 1000 1 displacement  
12S14 SW4 2.60000e+05 3.00000e+05 0.00000e+00 0 1 1000 1 displacement  
13S14 SW4 2.80000e+05 3.00000e+05 0.00000e+00 0 1 1000 1 displacement  
14S14 SW4 3.00000e+05 3.00000e+05 0.00000e+00 0 1 1000 1 displacement  
15S14 SW4 3.20000e+05 3.00000e+05 0.00000e+00 0 1 1000 1 displacement  
16S14 SW4 3.40000e+05 3.00000e+05 0.00000e+00 0 1 1000 1 displacement  
17S14 SW4 3.60000e+05 3.00000e+05 0.00000e+00 0 1 1000 1 displacement  
18S14 SW4 3.80000e+05 3.00000e+05 0.00000e+00 0 1 1000 1 displacement  
19S14 SW4 4.00000e+05 3.00000e+05 0.00000e+00 0 1 1000 1 displacement  
20S14 SW4 4.20000e+05 3.00000e+05 0.00000e+00 0 1 1000 1 displacement  
21S14 SW4 4.40000e+05 3.00000e+05 0.00000e+00 0 1 1000 1 displacement  
22S14 SW4 4.60000e+05 3.00000e+05 0.00000e+00 0 1 1000 1 displacement  
23S14 SW4 4.80000e+05 3.00000e+05 0.00000e+00 0 1 1000 1 displacement  
24S14 SW4 5.00000e+05 3.00000e+05 0.00000e+00 0 1 1000 1 displacement  
25S14 SW4 5.20000e+05 3.00000e+05 0.00000e+00 0 1 1000 1 displacement  
26S14 SW4 5.40000e+05 3.00000e+05 0.00000e+00 0 1 1000 1 displacement  
27S14 SW4 5.60000e+05 3.00000e+05 0.00000e+00 0 1 1000 1 displacement  
28S14 SW4 5.80000e+05 3.00000e+05 0.00000e+00 0 1 1000 1 displacement  
29S14 SW4 6.00000e+05 3.00000e+05 0.00000e+00 0 1 1000 1 displacement  
30S14 SW4 6.20000e+05 3.00000e+05 0.00000e+00 0 1 1000 1 displacement  
31S14 SW4 6.40000e+05 3.00000e+05 0.00000e+00 0 1 1000 1 displacement  
32S14 SW4 6.60000e+05 3.00000e+05 0.00000e+00 0 1 1000 1 displacement  
33S14 SW4 6.80000e+05 3.00000e+05 0.00000e+00 0 1 1000 1 displacement  
34S14 SW4 7.00000e+05 3.00000e+05 0.00000e+00 0 1 1000 1 displacement  
35S14 SW4 7.20000e+05 3.00000e+05 0.00000e+00 0 1 1000 1 displacement  
36S14 SW4 7.40000e+05 3.00000e+05 0.00000e+00 0 1 1000 1 displacement  
37S14 SW4 7.60000e+05 3.00000e+05 0.00000e+00 0 1 1000 1 displacement  
38S14 SW4 7.80000e+05 3.00000e+05 0.00000e+00 0 1 1000 1 displacement  
39S14 SW4 8.00000e+05 3.00000e+05 0.00000e+00 0 1 1000 1 displacement  
40S14 SW4 8.20000e+05 3.00000e+05 0.00000e+00 0 1 1000 1 displacement  
41S14 SW4 8.40000e+05 3.00000e+05 0.00000e+00 0 1 1000 1 displacement  
42S14 SW4 8.60000e+05 3.00000e+05 0.00000e+00 0 1 1000 1 displacement  
43S14 SW4 8.80000e+05 3.00000e+05 0.00000e+00 0 1 1000 1 displacement  
44S14 SW4 9.00000e+05 3.00000e+05 0.00000e+00 0 1 1000 1 displacement  
45S14 SW4 9.20000e+05 3.00000e+05 0.00000e+00 0 1 1000 1 displacement  
46S14 SW4 9.40000e+05 3.00000e+05 0.00000e+00 0 1 1000 1 displacement  
47S14 SW4 9.60000e+05 3.00000e+05 0.00000e+00 0 1 1000 1 displacement  
48S14 SW4 9.80000e+05 3.00000e+05 0.00000e+00 0 1 1000 1 displacement  
49S14 SW4 1.00000e+06 3.00000e+05 0.00000e+00 0 1 1000 1 displacement  
50S14 SW4 1.02000e+06 3.00000e+05 0.00000e+00 0 1 1000 1 displacement  
51S14 SW4 1.04000e+06 3.00000e+05 0.00000e+00 0 1 1000 1 displacement  
52S14 SW4 1.06000e+06 3.00000e+05 0.00000e+00 0 1 1000 1 displacement  
53S14 SW4 1.08000e+06 3.00000e+05 0.00000e+00 0 1 1000 1 displacement  
54S14 SW4 1.10000e+06 3.00000e+05 0.00000e+00 0 1 1000 1 displacement  
55S14 SW4 1.12000e+06 3.00000e+05 0.00000e+00 0 1 1000 1 displacement  
56S14 SW4 1.14000e+06 3.00000e+05 0.00000e+00 0 1 1000 1 displacement  
57S14 SW4 1.16000e+06 3.00000e+05 0.00000e+00 0 1 1000 1 displacement  
58S14 SW4 1.18000e+06 3.00000e+05 0.00000e+00 0 1 1000 1 displacement  
59S14 SW4 1.20000e+06 3.00000e+05 0.00000e+00 0 1 1000 1 displacement  
60S14 SW4 1.22000e+06 3.00000e+05 0.00000e+00 0 1 1000 1 displacement  
61S14 SW4 1.24000e+06 3.00000e+05 0.00000e+00 0 1 1000 1 displacement  
62S14 SW4 1.26000e+06 3.00000e+05 0.00000e+00 0 1 1000 1 displacement  
63S14 SW4 1.28000e+06 3.00000e+05 0.00000e+00 0 1 1000 1 displacement  
64S14 SW4 1.30000e+06 3.00000e+05 0.00000e+00 0 1 1000 1 displacement  
65S14 SW4 1.32000e+06 3.00000e+05 0.00000e+00 0 1 1000 1 displacement  
66S14 SW4 1.34000e+06 3.00000e+05 0.00000e+00 0 1 1000 1 displacement  
67S14 SW4 1.36000e+06 3.00000e+05 0.00000e+00 0 1 1000 1 displacement  
68S14 SW4 1.38000e+06 3.00000e+05 0.00000e+00 0 1 1000 1 displacement  
69S14 SW4 1.40000e+06 3.00000e+05 0.00000e+00 0 1 1000 1 displacement  
79S14 SW4 1.60000e+06 3.00000e+05 0.00000e+00 0 1 1000 1 displacement  
80S14 SW4 1.62000e+06 3.00000e+05 0.00000e+00 0 1 1000 1 displacement  
81S14 SW4 1.64000e+06 3.00000e+05 0.00000e+00 0 1 1000 1 displacement  
82S14 SW4 1.66000e+06 3.00000e+05 0.00000e+00 0 1 1000 1 displacement  
83S14 SW4 1.68000e+06 3.00000e+05 0.00000e+00 0 1 1000 1 displacement  
84S14 SW4 1.70000e+06 3.00000e+05 0.00000e+00 0 1 1000 1 displacement  
85S14 SW4 1.72000e+06 3.00000e+05 0.00000e+00 0 1 1000 1 displacement  
86S14 SW4 1.74000e+06 3.00000e+05 0.00000e+00 0 1 1000 1 displacement  
87S14 SW4 1.76000e+06 3.00000e+05 0.00000e+00 0 1 1000 1 displacement  
88S14 SW4 1.78000e+06 3.00000e+05 0.00000e+00 0 1 1000 1 displacement  
89S14 SW4 1.80000e+06 3.00000e+05 0.00000e+00 0 1 1000 1 displacement  
90S14 SW4 1.82000e+06 3.00000e+05 0.00000e+00 0 1 1000 1 displacement  
91S14 SW4 1.84000e+06 3.00000e+05 0.00000e+00 0 1 1000 1 displacement  
92S14 SW4 1.86000e+06 3.00000e+05 0.00000e+00 0 1 1000 1 displacement  
93S14 SW4 1.88000e+06 3.00000e+05 0.00000e+00 0 1 1000 1 displacement  
94S14 SW4 1.90000e+06 3.00000e+05 0.00000e+00 0 1 1000 1 displacement  
95S14 SW4 1.92000e+06 3.00000e+05 0.00000e+00 0 1 1000 1 displacement  
96S14 SW4 1.94000e+06 3.00000e+05 0.00000e+00 0 1 1000 1 displacement  
97S14 SW4 1.96000e+06 3.00000e+05 0.00000e+00 0 1 1000 1 displacement  
98S14 SW4 1.98000e+06 3.00000e+05 0.00000e+00 0 1 1000 1 displacement  
99S14 SW4 2.00000e+06 3.00000e+05 0.00000e+00 0 1 1000 1 displacement  
100S14 SW4 2.02000e+06 3.00000e+05 0.00000e+00 0 1 1000 1 displacement  
101S14 SW4 2.04000e+06 3.00000e+05 0.00000e+00 0 1 1000 1 displacement  
102S14 SW4 2.06000e+06 3.00000e+05 0.00000e+00 0 1 1000 1 displacement  
103S14 SW4 2.08000e+06 3.00000e+05 0.00000e+00 0 1 1000 1 displacement  
104S14 SW4 2.10000e+06 3.00000e+05 0.00000e+00 0 1 1000 1 displacement  
105S14 SW4 2.12000e+06 3.00000e+05 0.00000e+00 0 1 1000 1 displacement  
106S14 SW4 2.14000e+06 3.00000e+05 0.00000e+00 0 1 1000 1 displacement  
107S14 SW4 2.16000e+06 3.00000e+05 0.00000e+00 0 1 1000 1 displacement  
108S14 SW4 2.18000e+06 3.00000e+05 0.00000e+00 0 1 1000 1 displacement  
109S14 SW4 2.20000e+06 3.00000e+05 0.00000e+00 0 1 1000 1 displacement  
110S14 SW4 2.22000e+06 3.00000e+05 0.00000e+00 0 1 1000 1 displacement  
111S14 SW4 2.24000e+06 3.00000e+05 0.00000e+00 0 1 1000 1 displacement  
112S14 SW4 2.26000e+06 3.00000e+05 0.00000e+00 0 1 1000 1 displacement  
113S14 SW4 2.28000e+06 3.00000e+05 0.00000e+00 0 1 1000 1 displacement  
114S14 SW4 2.30000e+06 3.00000e+05 0.00000e+00 0 1 1000 1 displacement  
115S14 SW4 2.32000e+06 3.00000e+05 0.00000e+00 0 1 1000 1 displacement  
116S14 SW4 2.34000e+06 3.00000e+05 0.00000e+00 0 1 1000 1 displacement  
117S14 SW4 2.36000e+06 3.00000e+05 0.00000e+00 0 1 1000 1 displacement  
118S14 SW4 2.38000e+06 3.00000e+05 0.00000e+00 0 1 1000 1 displacement  
119S14 SW4 2.40000e+06 3.00000e+05 0.00000e+00 0 1 1000 1 displacement  
120S14 SW4 2.42000e+06 3.00000e+05 0.00000e+00 0 1 1000 1 displacement  
121S14 SW4 2.44000e+06 3.00000e+05 0.00000e+00 0 1 1000 1 displacement  
122S14 SW4 2.46000e+06 3.00000e+05 0.00000e+00 0 1 1000 1 displacement  
123S14 SW4 2.48000e+06 3.00000e+05 0.00000e+00 0 1 1000 1 displacement  
124S14 SW4 2.50000e+06 3.00000e+05 0.00000e+00 0 1 1000 1 displacement  
125S14 SW4 2.52000e+06 3.00000e+05 0.00000e+00 0 1 1000 1 displacement  
126S14 SW4 2.54000e+06 3.00000e+05 0.00000e+00 0 1 1000 1 displacement  
127S14 SW4 2.56000e+06 3.00000e+05 0.00000e+00 0 1 1000 1 displacement  
128S14 SW4 2.58000e+06 3.00000e+05 0.00000e+00 0 1 1000 1 displacement  
129S14 SW4 2.60000e+06 3.00000e+05 0.00000e+00 0 1 1000 1 displacement  
130S14 SW4 2.62000e+06 3.00000e+05 0.00000e+00 0 1 1000 1 displacement  
131S14 SW4 2.64000e+06 3.00000e+05 0.00000e+00 0 1 1000 1 displacement  
132S14 SW4 2.66000e+06 3.00000e+05 0.00000e+00 0 1 1000 1 displacement  
133S14 SW4 2.68000e+06 3.00000e+05 0.00000e+00 0 1 1000 1 displacement  
134S14 SW4 2.70000e+06 3.00000e+05 0.00000e+00 0 1 1000 1 displacement  
135S14 SW4 2.72000e+06 3.00000e+05 0.00000e+00 0 1 1000 1 displacement  
136S14 SW4 2.74000e+06 3.00000e+05 0.00000e+00 0 1 1000 1 displacement  
137S14 SW4 2.76000e+06 3.00000e+05 0.00000e+00 0 1 1000 1 displacement  
138S14 SW4 2.78000e+06 3.00000e+05 0.00000e+00 0 1 1000 1 displacement  
139S14 SW4 2.80000e+06 3.00000e+05 0.00000e+00 0 1 1000 1 displacement  
140S14 SW4 2.82000e+06 3.00000e+05 0.00000e+00 0 1 1000 1 displacement  
141S14 SW4 2.84000e+06 3.00000e+05 0.00000e+00 0 1 1000 1 displacement  
142S14 SW4 2.86000e+06 3.00000e+05 0.00000e+00 0 1 1000 1 displacement  
143S14 SW4 2.88000e+06 3.00000e+05 0.00000e+00 0 1 1000 1 displacement  
144S14 SW4 2.90000e+06 3.00000e+05 0.00000e+00 0 1 1000 1 displacement  
145S14 SW4 2.92000e+06 3.00000e+05 0.00000e+00 0 1 1000 1 displacement  
146S14 SW4 2.94000e+06 3.00000e+05 0.00000e+00 0 1 1000 1 displacement  
147S14 SW4 2.96000e+06 3.00000e+05 0.00000e+00 0 1 1000 1 displacement  
148S14 SW4 2.98000e+06 3.00000e+05 0.00000e+00 0 1 1000 1 displacement  
