0S1000 SW4 1.00000e+06 1.00000e+06 0.00000e+00 0 1 1000 1 displacement  
1S1000 SW4 1.00500e+06 1.00000e+06 0.00000e+00 0 1 1000 1 displacement  
2S1000 SW4 1.01000e+06 1.00000e+06 0.00000e+00 0 1 1000 1 displacement  
3S1000 SW4 1.01500e+06 1.00000e+06 0.00000e+00 0 1 1000 1 displacement  
4S1000 SW4 1.02000e+06 1.00000e+06 0.00000e+00 0 1 1000 1 displacement  
5S1000 SW4 1.02500e+06 1.00000e+06 0.00000e+00 0 1 1000 1 displacement  
6S1000 SW4 1.03000e+06 1.00000e+06 0.00000e+00 0 1 1000 1 displacement  
7S1000 SW4 1.03500e+06 1.00000e+06 0.00000e+00 0 1 1000 1 displacement  
8S1000 SW4 1.04000e+06 1.00000e+06 0.00000e+00 0 1 1000 1 displacement  
9S1000 SW4 1.04500e+06 1.00000e+06 0.00000e+00 0 1 1000 1 displacement  
10S1000 SW4 1.05000e+06 1.00000e+06 0.00000e+00 0 1 1000 1 displacement  
11S1000 SW4 1.05500e+06 1.00000e+06 0.00000e+00 0 1 1000 1 displacement  
12S1000 SW4 1.06000e+06 1.00000e+06 0.00000e+00 0 1 1000 1 displacement  
13S1000 SW4 1.06500e+06 1.00000e+06 0.00000e+00 0 1 1000 1 displacement  
14S1000 SW4 1.07000e+06 1.00000e+06 0.00000e+00 0 1 1000 1 displacement  
15S1000 SW4 1.07500e+06 1.00000e+06 0.00000e+00 0 1 1000 1 displacement  
16S1000 SW4 1.08000e+06 1.00000e+06 0.00000e+00 0 1 1000 1 displacement  
17S1000 SW4 1.08500e+06 1.00000e+06 0.00000e+00 0 1 1000 1 displacement  
18S1000 SW4 1.09000e+06 1.00000e+06 0.00000e+00 0 1 1000 1 displacement  
19S1000 SW4 1.09500e+06 1.00000e+06 0.00000e+00 0 1 1000 1 displacement  
20S1000 SW4 1.10000e+06 1.00000e+06 0.00000e+00 0 1 1000 1 displacement  
21S1000 SW4 1.10500e+06 1.00000e+06 0.00000e+00 0 1 1000 1 displacement  
22S1000 SW4 1.11000e+06 1.00000e+06 0.00000e+00 0 1 1000 1 displacement  
23S1000 SW4 1.11500e+06 1.00000e+06 0.00000e+00 0 1 1000 1 displacement  
24S1000 SW4 1.12000e+06 1.00000e+06 0.00000e+00 0 1 1000 1 displacement  
25S1000 SW4 1.12500e+06 1.00000e+06 0.00000e+00 0 1 1000 1 displacement  
26S1000 SW4 1.13000e+06 1.00000e+06 0.00000e+00 0 1 1000 1 displacement  
27S1000 SW4 1.13500e+06 1.00000e+06 0.00000e+00 0 1 1000 1 displacement  
28S1000 SW4 1.14000e+06 1.00000e+06 0.00000e+00 0 1 1000 1 displacement  
29S1000 SW4 1.14500e+06 1.00000e+06 0.00000e+00 0 1 1000 1 displacement  
30S1000 SW4 1.15000e+06 1.00000e+06 0.00000e+00 0 1 1000 1 displacement  
31S1000 SW4 1.15500e+06 1.00000e+06 0.00000e+00 0 1 1000 1 displacement  
32S1000 SW4 1.16000e+06 1.00000e+06 0.00000e+00 0 1 1000 1 displacement  
33S1000 SW4 1.16500e+06 1.00000e+06 0.00000e+00 0 1 1000 1 displacement  
34S1000 SW4 1.17000e+06 1.00000e+06 0.00000e+00 0 1 1000 1 displacement  
35S1000 SW4 1.17500e+06 1.00000e+06 0.00000e+00 0 1 1000 1 displacement  
36S1000 SW4 1.18000e+06 1.00000e+06 0.00000e+00 0 1 1000 1 displacement  
37S1000 SW4 1.18500e+06 1.00000e+06 0.00000e+00 0 1 1000 1 displacement  
38S1000 SW4 1.19000e+06 1.00000e+06 0.00000e+00 0 1 1000 1 displacement  
39S1000 SW4 1.19500e+06 1.00000e+06 0.00000e+00 0 1 1000 1 displacement  
40S1000 SW4 1.20000e+06 1.00000e+06 0.00000e+00 0 1 1000 1 displacement  
41S1000 SW4 1.20500e+06 1.00000e+06 0.00000e+00 0 1 1000 1 displacement  
42S1000 SW4 1.21000e+06 1.00000e+06 0.00000e+00 0 1 1000 1 displacement  
43S1000 SW4 1.21500e+06 1.00000e+06 0.00000e+00 0 1 1000 1 displacement  
44S1000 SW4 1.22000e+06 1.00000e+06 0.00000e+00 0 1 1000 1 displacement  
45S1000 SW4 1.22500e+06 1.00000e+06 0.00000e+00 0 1 1000 1 displacement  
46S1000 SW4 1.23000e+06 1.00000e+06 0.00000e+00 0 1 1000 1 displacement  
47S1000 SW4 1.23500e+06 1.00000e+06 0.00000e+00 0 1 1000 1 displacement  
48S1000 SW4 1.24000e+06 1.00000e+06 0.00000e+00 0 1 1000 1 displacement  
49S1000 SW4 1.24500e+06 1.00000e+06 0.00000e+00 0 1 1000 1 displacement  
50S1000 SW4 1.25000e+06 1.00000e+06 0.00000e+00 0 1 1000 1 displacement  
51S1000 SW4 1.25500e+06 1.00000e+06 0.00000e+00 0 1 1000 1 displacement  
52S1000 SW4 1.26000e+06 1.00000e+06 0.00000e+00 0 1 1000 1 displacement  
53S1000 SW4 1.26500e+06 1.00000e+06 0.00000e+00 0 1 1000 1 displacement  
54S1000 SW4 1.27000e+06 1.00000e+06 0.00000e+00 0 1 1000 1 displacement  
55S1000 SW4 1.27500e+06 1.00000e+06 0.00000e+00 0 1 1000 1 displacement  
56S1000 SW4 1.28000e+06 1.00000e+06 0.00000e+00 0 1 1000 1 displacement  
57S1000 SW4 1.28500e+06 1.00000e+06 0.00000e+00 0 1 1000 1 displacement  
58S1000 SW4 1.29000e+06 1.00000e+06 0.00000e+00 0 1 1000 1 displacement  
59S1000 SW4 1.29500e+06 1.00000e+06 0.00000e+00 0 1 1000 1 displacement  
60S1000 SW4 1.30000e+06 1.00000e+06 0.00000e+00 0 1 1000 1 displacement  
61S1000 SW4 1.30500e+06 1.00000e+06 0.00000e+00 0 1 1000 1 displacement  
62S1000 SW4 1.31000e+06 1.00000e+06 0.00000e+00 0 1 1000 1 displacement  
63S1000 SW4 1.31500e+06 1.00000e+06 0.00000e+00 0 1 1000 1 displacement  
64S1000 SW4 1.32000e+06 1.00000e+06 0.00000e+00 0 1 1000 1 displacement  
65S1000 SW4 1.32500e+06 1.00000e+06 0.00000e+00 0 1 1000 1 displacement  
66S1000 SW4 1.33000e+06 1.00000e+06 0.00000e+00 0 1 1000 1 displacement  
67S1000 SW4 1.33500e+06 1.00000e+06 0.00000e+00 0 1 1000 1 displacement  
68S1000 SW4 1.34000e+06 1.00000e+06 0.00000e+00 0 1 1000 1 displacement  
69S1000 SW4 1.34500e+06 1.00000e+06 0.00000e+00 0 1 1000 1 displacement  
70S1000 SW4 1.35000e+06 1.00000e+06 0.00000e+00 0 1 1000 1 displacement  
71S1000 SW4 1.35500e+06 1.00000e+06 0.00000e+00 0 1 1000 1 displacement  
72S1000 SW4 1.36000e+06 1.00000e+06 0.00000e+00 0 1 1000 1 displacement  
73S1000 SW4 1.36500e+06 1.00000e+06 0.00000e+00 0 1 1000 1 displacement  
74S1000 SW4 1.37000e+06 1.00000e+06 0.00000e+00 0 1 1000 1 displacement  
75S1000 SW4 1.37500e+06 1.00000e+06 0.00000e+00 0 1 1000 1 displacement  
76S1000 SW4 1.38000e+06 1.00000e+06 0.00000e+00 0 1 1000 1 displacement  
77S1000 SW4 1.38500e+06 1.00000e+06 0.00000e+00 0 1 1000 1 displacement  
78S1000 SW4 1.39000e+06 1.00000e+06 0.00000e+00 0 1 1000 1 displacement  
79S1000 SW4 1.39500e+06 1.00000e+06 0.00000e+00 0 1 1000 1 displacement  
80S1000 SW4 1.40000e+06 1.00000e+06 0.00000e+00 0 1 1000 1 displacement  
81S1000 SW4 1.40500e+06 1.00000e+06 0.00000e+00 0 1 1000 1 displacement  
82S1000 SW4 1.41000e+06 1.00000e+06 0.00000e+00 0 1 1000 1 displacement  
83S1000 SW4 1.41500e+06 1.00000e+06 0.00000e+00 0 1 1000 1 displacement  
84S1000 SW4 1.42000e+06 1.00000e+06 0.00000e+00 0 1 1000 1 displacement  
85S1000 SW4 1.42500e+06 1.00000e+06 0.00000e+00 0 1 1000 1 displacement  
86S1000 SW4 1.43000e+06 1.00000e+06 0.00000e+00 0 1 1000 1 displacement  
87S1000 SW4 1.43500e+06 1.00000e+06 0.00000e+00 0 1 1000 1 displacement  
88S1000 SW4 1.44000e+06 1.00000e+06 0.00000e+00 0 1 1000 1 displacement  
89S1000 SW4 1.44500e+06 1.00000e+06 0.00000e+00 0 1 1000 1 displacement  
90S1000 SW4 1.45000e+06 1.00000e+06 0.00000e+00 0 1 1000 1 displacement  
91S1000 SW4 1.45500e+06 1.00000e+06 0.00000e+00 0 1 1000 1 displacement  
92S1000 SW4 1.46000e+06 1.00000e+06 0.00000e+00 0 1 1000 1 displacement  
93S1000 SW4 1.46500e+06 1.00000e+06 0.00000e+00 0 1 1000 1 displacement  
94S1000 SW4 1.47000e+06 1.00000e+06 0.00000e+00 0 1 1000 1 displacement  
95S1000 SW4 1.47500e+06 1.00000e+06 0.00000e+00 0 1 1000 1 displacement  
96S1000 SW4 1.48000e+06 1.00000e+06 0.00000e+00 0 1 1000 1 displacement  
97S1000 SW4 1.48500e+06 1.00000e+06 0.00000e+00 0 1 1000 1 displacement  
98S1000 SW4 1.49000e+06 1.00000e+06 0.00000e+00 0 1 1000 1 displacement  
99S1000 SW4 1.49500e+06 1.00000e+06 0.00000e+00 0 1 1000 1 displacement  
100S1000 SW4 1.50000e+06 1.00000e+06 0.00000e+00 0 1 1000 1 displacement  
101S1000 SW4 1.50500e+06 1.00000e+06 0.00000e+00 0 1 1000 1 displacement  
102S1000 SW4 1.51000e+06 1.00000e+06 0.00000e+00 0 1 1000 1 displacement  
103S1000 SW4 1.51500e+06 1.00000e+06 0.00000e+00 0 1 1000 1 displacement  
104S1000 SW4 1.52000e+06 1.00000e+06 0.00000e+00 0 1 1000 1 displacement  
105S1000 SW4 1.52500e+06 1.00000e+06 0.00000e+00 0 1 1000 1 displacement  
106S1000 SW4 1.53000e+06 1.00000e+06 0.00000e+00 0 1 1000 1 displacement  
107S1000 SW4 1.53500e+06 1.00000e+06 0.00000e+00 0 1 1000 1 displacement  
108S1000 SW4 1.54000e+06 1.00000e+06 0.00000e+00 0 1 1000 1 displacement  
109S1000 SW4 1.54500e+06 1.00000e+06 0.00000e+00 0 1 1000 1 displacement  
110S1000 SW4 1.55000e+06 1.00000e+06 0.00000e+00 0 1 1000 1 displacement  
111S1000 SW4 1.55500e+06 1.00000e+06 0.00000e+00 0 1 1000 1 displacement  
112S1000 SW4 1.56000e+06 1.00000e+06 0.00000e+00 0 1 1000 1 displacement  
113S1000 SW4 1.56500e+06 1.00000e+06 0.00000e+00 0 1 1000 1 displacement  
114S1000 SW4 1.57000e+06 1.00000e+06 0.00000e+00 0 1 1000 1 displacement  
115S1000 SW4 1.57500e+06 1.00000e+06 0.00000e+00 0 1 1000 1 displacement  
116S1000 SW4 1.58000e+06 1.00000e+06 0.00000e+00 0 1 1000 1 displacement  
117S1000 SW4 1.58500e+06 1.00000e+06 0.00000e+00 0 1 1000 1 displacement  
118S1000 SW4 1.59000e+06 1.00000e+06 0.00000e+00 0 1 1000 1 displacement  
119S1000 SW4 1.59500e+06 1.00000e+06 0.00000e+00 0 1 1000 1 displacement  
120S1000 SW4 1.60000e+06 1.00000e+06 0.00000e+00 0 1 1000 1 displacement  
121S1000 SW4 1.60500e+06 1.00000e+06 0.00000e+00 0 1 1000 1 displacement  
122S1000 SW4 1.61000e+06 1.00000e+06 0.00000e+00 0 1 1000 1 displacement  
123S1000 SW4 1.61500e+06 1.00000e+06 0.00000e+00 0 1 1000 1 displacement  
124S1000 SW4 1.62000e+06 1.00000e+06 0.00000e+00 0 1 1000 1 displacement  
125S1000 SW4 1.62500e+06 1.00000e+06 0.00000e+00 0 1 1000 1 displacement  
126S1000 SW4 1.63000e+06 1.00000e+06 0.00000e+00 0 1 1000 1 displacement  
127S1000 SW4 1.63500e+06 1.00000e+06 0.00000e+00 0 1 1000 1 displacement  
128S1000 SW4 1.64000e+06 1.00000e+06 0.00000e+00 0 1 1000 1 displacement  
129S1000 SW4 1.64500e+06 1.00000e+06 0.00000e+00 0 1 1000 1 displacement  
130S1000 SW4 1.65000e+06 1.00000e+06 0.00000e+00 0 1 1000 1 displacement  
131S1000 SW4 1.65500e+06 1.00000e+06 0.00000e+00 0 1 1000 1 displacement  
132S1000 SW4 1.66000e+06 1.00000e+06 0.00000e+00 0 1 1000 1 displacement  
133S1000 SW4 1.66500e+06 1.00000e+06 0.00000e+00 0 1 1000 1 displacement  
134S1000 SW4 1.67000e+06 1.00000e+06 0.00000e+00 0 1 1000 1 displacement  
135S1000 SW4 1.67500e+06 1.00000e+06 0.00000e+00 0 1 1000 1 displacement  
136S1000 SW4 1.68000e+06 1.00000e+06 0.00000e+00 0 1 1000 1 displacement  
137S1000 SW4 1.68500e+06 1.00000e+06 0.00000e+00 0 1 1000 1 displacement  
138S1000 SW4 1.69000e+06 1.00000e+06 0.00000e+00 0 1 1000 1 displacement  
139S1000 SW4 1.69500e+06 1.00000e+06 0.00000e+00 0 1 1000 1 displacement  
140S1000 SW4 1.70000e+06 1.00000e+06 0.00000e+00 0 1 1000 1 displacement  
141S1000 SW4 1.70500e+06 1.00000e+06 0.00000e+00 0 1 1000 1 displacement  
142S1000 SW4 1.71000e+06 1.00000e+06 0.00000e+00 0 1 1000 1 displacement  
143S1000 SW4 1.71500e+06 1.00000e+06 0.00000e+00 0 1 1000 1 displacement  
144S1000 SW4 1.72000e+06 1.00000e+06 0.00000e+00 0 1 1000 1 displacement  
145S1000 SW4 1.72500e+06 1.00000e+06 0.00000e+00 0 1 1000 1 displacement  
146S1000 SW4 1.73000e+06 1.00000e+06 0.00000e+00 0 1 1000 1 displacement  
147S1000 SW4 1.73500e+06 1.00000e+06 0.00000e+00 0 1 1000 1 displacement  
148S1000 SW4 1.74000e+06 1.00000e+06 0.00000e+00 0 1 1000 1 displacement  
149S1000 SW4 1.74500e+06 1.00000e+06 0.00000e+00 0 1 1000 1 displacement  
150S1000 SW4 1.75000e+06 1.00000e+06 0.00000e+00 0 1 1000 1 displacement  
151S1000 SW4 1.75500e+06 1.00000e+06 0.00000e+00 0 1 1000 1 displacement  
152S1000 SW4 1.76000e+06 1.00000e+06 0.00000e+00 0 1 1000 1 displacement  
153S1000 SW4 1.76500e+06 1.00000e+06 0.00000e+00 0 1 1000 1 displacement  
154S1000 SW4 1.77000e+06 1.00000e+06 0.00000e+00 0 1 1000 1 displacement  
155S1000 SW4 1.77500e+06 1.00000e+06 0.00000e+00 0 1 1000 1 displacement  
156S1000 SW4 1.78000e+06 1.00000e+06 0.00000e+00 0 1 1000 1 displacement  
157S1000 SW4 1.78500e+06 1.00000e+06 0.00000e+00 0 1 1000 1 displacement  
158S1000 SW4 1.79000e+06 1.00000e+06 0.00000e+00 0 1 1000 1 displacement  
159S1000 SW4 1.79500e+06 1.00000e+06 0.00000e+00 0 1 1000 1 displacement  
160S1000 SW4 1.80000e+06 1.00000e+06 0.00000e+00 0 1 1000 1 displacement  
161S1000 SW4 1.80500e+06 1.00000e+06 0.00000e+00 0 1 1000 1 displacement  
162S1000 SW4 1.81000e+06 1.00000e+06 0.00000e+00 0 1 1000 1 displacement  
163S1000 SW4 1.81500e+06 1.00000e+06 0.00000e+00 0 1 1000 1 displacement  
164S1000 SW4 1.82000e+06 1.00000e+06 0.00000e+00 0 1 1000 1 displacement  
165S1000 SW4 1.82500e+06 1.00000e+06 0.00000e+00 0 1 1000 1 displacement  
166S1000 SW4 1.83000e+06 1.00000e+06 0.00000e+00 0 1 1000 1 displacement  
167S1000 SW4 1.83500e+06 1.00000e+06 0.00000e+00 0 1 1000 1 displacement  
168S1000 SW4 1.84000e+06 1.00000e+06 0.00000e+00 0 1 1000 1 displacement  
169S1000 SW4 1.84500e+06 1.00000e+06 0.00000e+00 0 1 1000 1 displacement  
170S1000 SW4 1.85000e+06 1.00000e+06 0.00000e+00 0 1 1000 1 displacement  
171S1000 SW4 1.85500e+06 1.00000e+06 0.00000e+00 0 1 1000 1 displacement  
172S1000 SW4 1.86000e+06 1.00000e+06 0.00000e+00 0 1 1000 1 displacement  
173S1000 SW4 1.86500e+06 1.00000e+06 0.00000e+00 0 1 1000 1 displacement  
174S1000 SW4 1.87000e+06 1.00000e+06 0.00000e+00 0 1 1000 1 displacement  
175S1000 SW4 1.87500e+06 1.00000e+06 0.00000e+00 0 1 1000 1 displacement  
176S1000 SW4 1.88000e+06 1.00000e+06 0.00000e+00 0 1 1000 1 displacement  
177S1000 SW4 1.88500e+06 1.00000e+06 0.00000e+00 0 1 1000 1 displacement  
178S1000 SW4 1.89000e+06 1.00000e+06 0.00000e+00 0 1 1000 1 displacement  
179S1000 SW4 1.89500e+06 1.00000e+06 0.00000e+00 0 1 1000 1 displacement  
180S1000 SW4 1.90000e+06 1.00000e+06 0.00000e+00 0 1 1000 1 displacement  
181S1000 SW4 1.90500e+06 1.00000e+06 0.00000e+00 0 1 1000 1 displacement  
182S1000 SW4 1.91000e+06 1.00000e+06 0.00000e+00 0 1 1000 1 displacement  
183S1000 SW4 1.91500e+06 1.00000e+06 0.00000e+00 0 1 1000 1 displacement  
184S1000 SW4 1.92000e+06 1.00000e+06 0.00000e+00 0 1 1000 1 displacement  
185S1000 SW4 1.92500e+06 1.00000e+06 0.00000e+00 0 1 1000 1 displacement  
186S1000 SW4 1.93000e+06 1.00000e+06 0.00000e+00 0 1 1000 1 displacement  
187S1000 SW4 1.93500e+06 1.00000e+06 0.00000e+00 0 1 1000 1 displacement  
188S1000 SW4 1.94000e+06 1.00000e+06 0.00000e+00 0 1 1000 1 displacement  
189S1000 SW4 1.94500e+06 1.00000e+06 0.00000e+00 0 1 1000 1 displacement  
190S1000 SW4 1.95000e+06 1.00000e+06 0.00000e+00 0 1 1000 1 displacement  
191S1000 SW4 1.95500e+06 1.00000e+06 0.00000e+00 0 1 1000 1 displacement  
192S1000 SW4 1.96000e+06 1.00000e+06 0.00000e+00 0 1 1000 1 displacement  
193S1000 SW4 1.96500e+06 1.00000e+06 0.00000e+00 0 1 1000 1 displacement  
194S1000 SW4 1.97000e+06 1.00000e+06 0.00000e+00 0 1 1000 1 displacement  
195S1000 SW4 1.97500e+06 1.00000e+06 0.00000e+00 0 1 1000 1 displacement  
196S1000 SW4 1.98000e+06 1.00000e+06 0.00000e+00 0 1 1000 1 displacement  
197S1000 SW4 1.98500e+06 1.00000e+06 0.00000e+00 0 1 1000 1 displacement  
198S1000 SW4 1.99000e+06 1.00000e+06 0.00000e+00 0 1 1000 1 displacement  
199S1000 SW4 1.99500e+06 1.00000e+06 0.00000e+00 0 1 1000 1 displacement  
