0S1000 SW4 1.00000e+06 1.00000e+06 0.00000e+00 0 1 1000 1 displacement  
1S1000 SW4 1.00500e+06 1.00000e+06 0.00000e+00 0 1 1000 1 displacement  
2S1000 SW4 1.01000e+06 1.00000e+06 0.00000e+00 0 1 1000 1 displacement  
3S1000 SW4 1.01500e+06 1.00000e+06 0.00000e+00 0 1 1000 1 displacement  
4S1000 SW4 1.02000e+06 1.00000e+06 0.00000e+00 0 1 1000 1 displacement  
5S1000 SW4 1.02500e+06 1.00000e+06 0.00000e+00 0 1 1000 1 displacement  
6S1000 SW4 1.03000e+06 1.00000e+06 0.00000e+00 0 1 1000 1 displacement  
7S1000 SW4 1.03500e+06 1.00000e+06 0.00000e+00 0 1 1000 1 displacement  
8S1000 SW4 1.04000e+06 1.00000e+06 0.00000e+00 0 1 1000 1 displacement  
9S1000 SW4 1.04500e+06 1.00000e+06 0.00000e+00 0 1 1000 1 displacement  
10S1000 SW4 1.05000e+06 1.00000e+06 0.00000e+00 0 1 1000 1 displacement  
11S1000 SW4 1.05500e+06 1.00000e+06 0.00000e+00 0 1 1000 1 displacement  
12S1000 SW4 1.06000e+06 1.00000e+06 0.00000e+00 0 1 1000 1 displacement  
13S1000 SW4 1.06500e+06 1.00000e+06 0.00000e+00 0 1 1000 1 displacement  
14S1000 SW4 1.07000e+06 1.00000e+06 0.00000e+00 0 1 1000 1 displacement  
15S1000 SW4 1.07500e+06 1.00000e+06 0.00000e+00 0 1 1000 1 displacement  
16S1000 SW4 1.08000e+06 1.00000e+06 0.00000e+00 0 1 1000 1 displacement  
17S1000 SW4 1.08500e+06 1.00000e+06 0.00000e+00 0 1 1000 1 displacement  
18S1000 SW4 1.09000e+06 1.00000e+06 0.00000e+00 0 1 1000 1 displacement  
19S1000 SW4 1.09500e+06 1.00000e+06 0.00000e+00 0 1 1000 1 displacement  
20S1000 SW4 1.10000e+06 1.00000e+06 0.00000e+00 0 1 1000 1 displacement  
21S1000 SW4 1.10500e+06 1.00000e+06 0.00000e+00 0 1 1000 1 displacement  
22S1000 SW4 1.11000e+06 1.00000e+06 0.00000e+00 0 1 1000 1 displacement  
23S1000 SW4 1.11500e+06 1.00000e+06 0.00000e+00 0 1 1000 1 displacement  
24S1000 SW4 1.12000e+06 1.00000e+06 0.00000e+00 0 1 1000 1 displacement  
25S1000 SW4 1.12500e+06 1.00000e+06 0.00000e+00 0 1 1000 1 displacement  
26S1000 SW4 1.13000e+06 1.00000e+06 0.00000e+00 0 1 1000 1 displacement  
27S1000 SW4 1.13500e+06 1.00000e+06 0.00000e+00 0 1 1000 1 displacement  
28S1000 SW4 1.14000e+06 1.00000e+06 0.00000e+00 0 1 1000 1 displacement  
29S1000 SW4 1.14500e+06 1.00000e+06 0.00000e+00 0 1 1000 1 displacement  
30S1000 SW4 1.15000e+06 1.00000e+06 0.00000e+00 0 1 1000 1 displacement  
31S1000 SW4 1.15500e+06 1.00000e+06 0.00000e+00 0 1 1000 1 displacement  
32S1000 SW4 1.16000e+06 1.00000e+06 0.00000e+00 0 1 1000 1 displacement  
33S1000 SW4 1.16500e+06 1.00000e+06 0.00000e+00 0 1 1000 1 displacement  
34S1000 SW4 1.17000e+06 1.00000e+06 0.00000e+00 0 1 1000 1 displacement  
35S1000 SW4 1.17500e+06 1.00000e+06 0.00000e+00 0 1 1000 1 displacement  
36S1000 SW4 1.18000e+06 1.00000e+06 0.00000e+00 0 1 1000 1 displacement  
37S1000 SW4 1.18500e+06 1.00000e+06 0.00000e+00 0 1 1000 1 displacement  
38S1000 SW4 1.19000e+06 1.00000e+06 0.00000e+00 0 1 1000 1 displacement  
39S1000 SW4 1.19500e+06 1.00000e+06 0.00000e+00 0 1 1000 1 displacement  
40S1000 SW4 1.20000e+06 1.00000e+06 0.00000e+00 0 1 1000 1 displacement  
41S1000 SW4 1.20500e+06 1.00000e+06 0.00000e+00 0 1 1000 1 displacement  
42S1000 SW4 1.21000e+06 1.00000e+06 0.00000e+00 0 1 1000 1 displacement  
43S1000 SW4 1.21500e+06 1.00000e+06 0.00000e+00 0 1 1000 1 displacement  
44S1000 SW4 1.22000e+06 1.00000e+06 0.00000e+00 0 1 1000 1 displacement  
45S1000 SW4 1.22500e+06 1.00000e+06 0.00000e+00 0 1 1000 1 displacement  
46S1000 SW4 1.23000e+06 1.00000e+06 0.00000e+00 0 1 1000 1 displacement  
