The system is: Linux - 2.6.32-431.5.1.el6.x86_64 - x86_64
Compiling the C compiler identification source file "CMakeCCompilerId.c" succeeded.
Compiler: /curc/tools/x_86_64/rh6/openmpi/1.8.0/gcc/4.8.2/bin/mpicc 
Build flags: 
Id flags: 

The output was:
0


Compilation of the C compiler identification source "CMakeCCompilerId.c" produced "a.out"

The C compiler identification is GNU, found in "/projects/life9360/code/SW4Py/sw4img/build/CMakeFiles/3.2.0-rc2/CompilerIdC/a.out"

Compiling the CXX compiler identification source file "CMakeCXXCompilerId.cpp" succeeded.
Compiler: /curc/tools/x_86_64/rh6/openmpi/1.8.0/gcc/4.8.2/bin/mpicxx 
Build flags: 
Id flags: 

The output was:
0


Compilation of the CXX compiler identification source "CMakeCXXCompilerId.cpp" produced "a.out"

The CXX compiler identification is GNU, found in "/projects/life9360/code/SW4Py/sw4img/build/CMakeFiles/3.2.0-rc2/CompilerIdCXX/a.out"

Determining if the C compiler works passed with the following output:
Change Dir: /projects/life9360/code/SW4Py/sw4img/build/CMakeFiles/CMakeTmp

Run Build Command:"/usr/bin/gmake" "cmTryCompileExec3430951662/fast"
/usr/bin/gmake -f CMakeFiles/cmTryCompileExec3430951662.dir/build.make CMakeFiles/cmTryCompileExec3430951662.dir/build
gmake[1]: Entering directory `/projects/life9360/code/SW4Py/sw4img/build/CMakeFiles/CMakeTmp'
/curc/tools/x_86_64/rh6/cmake/3.2.0/bin/cmake -E cmake_progress_report /projects/life9360/code/SW4Py/sw4img/build/CMakeFiles/CMakeTmp/CMakeFiles 1
Building C object CMakeFiles/cmTryCompileExec3430951662.dir/testCCompiler.c.o
/curc/tools/x_86_64/rh6/openmpi/1.8.0/gcc/4.8.2/bin/mpicc    -o CMakeFiles/cmTryCompileExec3430951662.dir/testCCompiler.c.o   -c /projects/life9360/code/SW4Py/sw4img/build/CMakeFiles/CMakeTmp/testCCompiler.c
Linking C executable cmTryCompileExec3430951662
/curc/tools/x_86_64/rh6/cmake/3.2.0/bin/cmake -E cmake_link_script CMakeFiles/cmTryCompileExec3430951662.dir/link.txt --verbose=1
/curc/tools/x_86_64/rh6/openmpi/1.8.0/gcc/4.8.2/bin/mpicc       CMakeFiles/cmTryCompileExec3430951662.dir/testCCompiler.c.o  -o cmTryCompileExec3430951662 -rdynamic 
gmake[1]: Leaving directory `/projects/life9360/code/SW4Py/sw4img/build/CMakeFiles/CMakeTmp'


Detecting C compiler ABI info compiled with the following output:
Change Dir: /projects/life9360/code/SW4Py/sw4img/build/CMakeFiles/CMakeTmp

Run Build Command:"/usr/bin/gmake" "cmTryCompileExec1813611111/fast"
/usr/bin/gmake -f CMakeFiles/cmTryCompileExec1813611111.dir/build.make CMakeFiles/cmTryCompileExec1813611111.dir/build
gmake[1]: Entering directory `/projects/life9360/code/SW4Py/sw4img/build/CMakeFiles/CMakeTmp'
/curc/tools/x_86_64/rh6/cmake/3.2.0/bin/cmake -E cmake_progress_report /projects/life9360/code/SW4Py/sw4img/build/CMakeFiles/CMakeTmp/CMakeFiles 1
Building C object CMakeFiles/cmTryCompileExec1813611111.dir/CMakeCCompilerABI.c.o
/curc/tools/x_86_64/rh6/openmpi/1.8.0/gcc/4.8.2/bin/mpicc    -o CMakeFiles/cmTryCompileExec1813611111.dir/CMakeCCompilerABI.c.o   -c /curc/tools/x_86_64/rh6/cmake/3.2.0/share/cmake-3.2/Modules/CMakeCCompilerABI.c
Linking C executable cmTryCompileExec1813611111
/curc/tools/x_86_64/rh6/cmake/3.2.0/bin/cmake -E cmake_link_script CMakeFiles/cmTryCompileExec1813611111.dir/link.txt --verbose=1
/curc/tools/x_86_64/rh6/openmpi/1.8.0/gcc/4.8.2/bin/mpicc      -v CMakeFiles/cmTryCompileExec1813611111.dir/CMakeCCompilerABI.c.o  -o cmTryCompileExec1813611111 -rdynamic  
Using built-in specs.
COLLECT_GCC=/curc/tools/x_86_64/rh6/gcc/4.8.2/bin/gcc
COLLECT_LTO_WRAPPER=/curc/tools/x_86_64/rh6/gcc/4.8.2/libexec/gcc/x86_64-unknown-linux-gnu/4.8.2/lto-wrapper
Target: x86_64-unknown-linux-gnu
Configured with: ../configure --prefix=/curc/tools/x_86_64/rh6/gcc/4.8.2 --enable-languages=c,c++,fortran,java --enable-shared --enable-threads=posix --disable-multilib
Thread model: posix
gcc version 4.8.2 (GCC) 
COMPILER_PATH=/curc/tools/x_86_64/rh6/gcc/4.8.2/libexec/gcc/x86_64-unknown-linux-gnu/4.8.2/:/curc/tools/x_86_64/rh6/gcc/4.8.2/libexec/gcc/x86_64-unknown-linux-gnu/4.8.2/:/curc/tools/x_86_64/rh6/gcc/4.8.2/libexec/gcc/x86_64-unknown-linux-gnu/:/curc/tools/x_86_64/rh6/gcc/4.8.2/lib/gcc/x86_64-unknown-linux-gnu/4.8.2/:/curc/tools/x_86_64/rh6/gcc/4.8.2/lib/gcc/x86_64-unknown-linux-gnu/
LIBRARY_PATH=/curc/tools/x_86_64/rh6/gcc/4.8.2/lib64/../lib64/:/curc/tools/x_86_64/rh6/gcc/4.8.2/lib/../lib64/:/curc/tools/x_86_64/rh6/gcc/4.8.2/lib/gcc/x86_64-unknown-linux-gnu/4.8.2/:/curc/tools/x_86_64/rh6/gcc/4.8.2/lib/gcc/x86_64-unknown-linux-gnu/4.8.2/../../../../lib64/:/lib/../lib64/:/usr/lib/../lib64/:/curc/tools/x_86_64/rh6/openmpi/1.8.0/gcc/4.8.2/lib/:/curc/tools/x_86_64/rh6/gcc/4.8.2/lib64/:/curc/tools/x_86_64/rh6/gcc/4.8.2/lib/:/curc/tools/x_86_64/rh6/lapack/3.4.2/gcc/4.7.2/lib/:/projects/life9360/code/sw4-v1.1/lib/:/projects/life9360/code/sw4-v1.1/lib/:/curc/tools/x_86_64/rh6/gcc/4.8.2/lib/gcc/x86_64-unknown-linux-gnu/4.8.2/../../../:/lib/:/usr/lib/
COLLECT_GCC_OPTIONS='-v' '-o' 'cmTryCompileExec1813611111' '-rdynamic' '-I' '/curc/tools/x_86_64/rh6/openmpi/1.8.0/gcc/4.8.2/include' '-pthread' '-L/curc/tools/x_86_64/rh6/openmpi/1.8.0/gcc/4.8.2/lib' '-mtune=generic' '-march=x86-64'
 /curc/tools/x_86_64/rh6/gcc/4.8.2/libexec/gcc/x86_64-unknown-linux-gnu/4.8.2/collect2 --eh-frame-hdr -m elf_x86_64 -export-dynamic -dynamic-linker /lib64/ld-linux-x86-64.so.2 -o cmTryCompileExec1813611111 /usr/lib/../lib64/crt1.o /usr/lib/../lib64/crti.o /curc/tools/x_86_64/rh6/gcc/4.8.2/lib/gcc/x86_64-unknown-linux-gnu/4.8.2/crtbegin.o -L/curc/tools/x_86_64/rh6/openmpi/1.8.0/gcc/4.8.2/lib -L/curc/tools/x_86_64/rh6/gcc/4.8.2/lib64/../lib64 -L/curc/tools/x_86_64/rh6/gcc/4.8.2/lib/../lib64 -L/curc/tools/x_86_64/rh6/gcc/4.8.2/lib/gcc/x86_64-unknown-linux-gnu/4.8.2 -L/curc/tools/x_86_64/rh6/gcc/4.8.2/lib/gcc/x86_64-unknown-linux-gnu/4.8.2/../../../../lib64 -L/lib/../lib64 -L/usr/lib/../lib64 -L/curc/tools/x_86_64/rh6/openmpi/1.8.0/gcc/4.8.2/lib -L/curc/tools/x_86_64/rh6/gcc/4.8.2/lib64 -L/curc/tools/x_86_64/rh6/gcc/4.8.2/lib -L/curc/tools/x_86_64/rh6/lapack/3.4.2/gcc/4.7.2/lib -L/projects/life9360/code/sw4-v1.1/lib -L/projects/life9360/code/sw4-v1.1/lib -L/curc/tools/x_86_64/rh6/gcc/4.8.2/lib/gcc/x86_64-unknown-linux-gnu/4.8.2/../../.. CMakeFiles/cmTryCompileExec1813611111.dir/CMakeCCompilerABI.c.o -rpath /curc/tools/x_86_64/rh6/openmpi/1.8.0/gcc/4.8.2/lib --enable-new-dtags -lmpi -lgcc --as-needed -lgcc_s --no-as-needed -lpthread -lc -lgcc --as-needed -lgcc_s --no-as-needed /curc/tools/x_86_64/rh6/gcc/4.8.2/lib/gcc/x86_64-unknown-linux-gnu/4.8.2/crtend.o /usr/lib/../lib64/crtn.o
gmake[1]: Leaving directory `/projects/life9360/code/SW4Py/sw4img/build/CMakeFiles/CMakeTmp'


Parsed C implicit link information from above output:
  link line regex: [^( *|.*[/\])(ld|([^/\]+-)?ld|collect2)[^/\]*( |$)]
  ignore line: [Change Dir: /projects/life9360/code/SW4Py/sw4img/build/CMakeFiles/CMakeTmp]
  ignore line: []
  ignore line: [Run Build Command:"/usr/bin/gmake" "cmTryCompileExec1813611111/fast"]
  ignore line: [/usr/bin/gmake -f CMakeFiles/cmTryCompileExec1813611111.dir/build.make CMakeFiles/cmTryCompileExec1813611111.dir/build]
  ignore line: [gmake[1]: Entering directory `/projects/life9360/code/SW4Py/sw4img/build/CMakeFiles/CMakeTmp']
  ignore line: [/curc/tools/x_86_64/rh6/cmake/3.2.0/bin/cmake -E cmake_progress_report /projects/life9360/code/SW4Py/sw4img/build/CMakeFiles/CMakeTmp/CMakeFiles 1]
  ignore line: [Building C object CMakeFiles/cmTryCompileExec1813611111.dir/CMakeCCompilerABI.c.o]
  ignore line: [/curc/tools/x_86_64/rh6/openmpi/1.8.0/gcc/4.8.2/bin/mpicc    -o CMakeFiles/cmTryCompileExec1813611111.dir/CMakeCCompilerABI.c.o   -c /curc/tools/x_86_64/rh6/cmake/3.2.0/share/cmake-3.2/Modules/CMakeCCompilerABI.c]
  ignore line: [Linking C executable cmTryCompileExec1813611111]
  ignore line: [/curc/tools/x_86_64/rh6/cmake/3.2.0/bin/cmake -E cmake_link_script CMakeFiles/cmTryCompileExec1813611111.dir/link.txt --verbose=1]
  ignore line: [/curc/tools/x_86_64/rh6/openmpi/1.8.0/gcc/4.8.2/bin/mpicc      -v CMakeFiles/cmTryCompileExec1813611111.dir/CMakeCCompilerABI.c.o  -o cmTryCompileExec1813611111 -rdynamic  ]
  ignore line: [Using built-in specs.]
  ignore line: [COLLECT_GCC=/curc/tools/x_86_64/rh6/gcc/4.8.2/bin/gcc]
  ignore line: [COLLECT_LTO_WRAPPER=/curc/tools/x_86_64/rh6/gcc/4.8.2/libexec/gcc/x86_64-unknown-linux-gnu/4.8.2/lto-wrapper]
  ignore line: [Target: x86_64-unknown-linux-gnu]
  ignore line: [Configured with: ../configure --prefix=/curc/tools/x_86_64/rh6/gcc/4.8.2 --enable-languages=c,c++,fortran,java --enable-shared --enable-threads=posix --disable-multilib]
  ignore line: [Thread model: posix]
  ignore line: [gcc version 4.8.2 (GCC) ]
  ignore line: [COMPILER_PATH=/curc/tools/x_86_64/rh6/gcc/4.8.2/libexec/gcc/x86_64-unknown-linux-gnu/4.8.2/:/curc/tools/x_86_64/rh6/gcc/4.8.2/libexec/gcc/x86_64-unknown-linux-gnu/4.8.2/:/curc/tools/x_86_64/rh6/gcc/4.8.2/libexec/gcc/x86_64-unknown-linux-gnu/:/curc/tools/x_86_64/rh6/gcc/4.8.2/lib/gcc/x86_64-unknown-linux-gnu/4.8.2/:/curc/tools/x_86_64/rh6/gcc/4.8.2/lib/gcc/x86_64-unknown-linux-gnu/]
  ignore line: [LIBRARY_PATH=/curc/tools/x_86_64/rh6/gcc/4.8.2/lib64/../lib64/:/curc/tools/x_86_64/rh6/gcc/4.8.2/lib/../lib64/:/curc/tools/x_86_64/rh6/gcc/4.8.2/lib/gcc/x86_64-unknown-linux-gnu/4.8.2/:/curc/tools/x_86_64/rh6/gcc/4.8.2/lib/gcc/x86_64-unknown-linux-gnu/4.8.2/../../../../lib64/:/lib/../lib64/:/usr/lib/../lib64/:/curc/tools/x_86_64/rh6/openmpi/1.8.0/gcc/4.8.2/lib/:/curc/tools/x_86_64/rh6/gcc/4.8.2/lib64/:/curc/tools/x_86_64/rh6/gcc/4.8.2/lib/:/curc/tools/x_86_64/rh6/lapack/3.4.2/gcc/4.7.2/lib/:/projects/life9360/code/sw4-v1.1/lib/:/projects/life9360/code/sw4-v1.1/lib/:/curc/tools/x_86_64/rh6/gcc/4.8.2/lib/gcc/x86_64-unknown-linux-gnu/4.8.2/../../../:/lib/:/usr/lib/]
  ignore line: [COLLECT_GCC_OPTIONS='-v' '-o' 'cmTryCompileExec1813611111' '-rdynamic' '-I' '/curc/tools/x_86_64/rh6/openmpi/1.8.0/gcc/4.8.2/include' '-pthread' '-L/curc/tools/x_86_64/rh6/openmpi/1.8.0/gcc/4.8.2/lib' '-mtune=generic' '-march=x86-64']
  link line: [ /curc/tools/x_86_64/rh6/gcc/4.8.2/libexec/gcc/x86_64-unknown-linux-gnu/4.8.2/collect2 --eh-frame-hdr -m elf_x86_64 -export-dynamic -dynamic-linker /lib64/ld-linux-x86-64.so.2 -o cmTryCompileExec1813611111 /usr/lib/../lib64/crt1.o /usr/lib/../lib64/crti.o /curc/tools/x_86_64/rh6/gcc/4.8.2/lib/gcc/x86_64-unknown-linux-gnu/4.8.2/crtbegin.o -L/curc/tools/x_86_64/rh6/openmpi/1.8.0/gcc/4.8.2/lib -L/curc/tools/x_86_64/rh6/gcc/4.8.2/lib64/../lib64 -L/curc/tools/x_86_64/rh6/gcc/4.8.2/lib/../lib64 -L/curc/tools/x_86_64/rh6/gcc/4.8.2/lib/gcc/x86_64-unknown-linux-gnu/4.8.2 -L/curc/tools/x_86_64/rh6/gcc/4.8.2/lib/gcc/x86_64-unknown-linux-gnu/4.8.2/../../../../lib64 -L/lib/../lib64 -L/usr/lib/../lib64 -L/curc/tools/x_86_64/rh6/openmpi/1.8.0/gcc/4.8.2/lib -L/curc/tools/x_86_64/rh6/gcc/4.8.2/lib64 -L/curc/tools/x_86_64/rh6/gcc/4.8.2/lib -L/curc/tools/x_86_64/rh6/lapack/3.4.2/gcc/4.7.2/lib -L/projects/life9360/code/sw4-v1.1/lib -L/projects/life9360/code/sw4-v1.1/lib -L/curc/tools/x_86_64/rh6/gcc/4.8.2/lib/gcc/x86_64-unknown-linux-gnu/4.8.2/../../.. CMakeFiles/cmTryCompileExec1813611111.dir/CMakeCCompilerABI.c.o -rpath /curc/tools/x_86_64/rh6/openmpi/1.8.0/gcc/4.8.2/lib --enable-new-dtags -lmpi -lgcc --as-needed -lgcc_s --no-as-needed -lpthread -lc -lgcc --as-needed -lgcc_s --no-as-needed /curc/tools/x_86_64/rh6/gcc/4.8.2/lib/gcc/x86_64-unknown-linux-gnu/4.8.2/crtend.o /usr/lib/../lib64/crtn.o]
    arg [/curc/tools/x_86_64/rh6/gcc/4.8.2/libexec/gcc/x86_64-unknown-linux-gnu/4.8.2/collect2] ==> ignore
    arg [--eh-frame-hdr] ==> ignore
    arg [-m] ==> ignore
    arg [elf_x86_64] ==> ignore
    arg [-export-dynamic] ==> ignore
    arg [-dynamic-linker] ==> ignore
    arg [/lib64/ld-linux-x86-64.so.2] ==> ignore
    arg [-o] ==> ignore
    arg [cmTryCompileExec1813611111] ==> ignore
    arg [/usr/lib/../lib64/crt1.o] ==> ignore
    arg [/usr/lib/../lib64/crti.o] ==> ignore
    arg [/curc/tools/x_86_64/rh6/gcc/4.8.2/lib/gcc/x86_64-unknown-linux-gnu/4.8.2/crtbegin.o] ==> ignore
    arg [-L/curc/tools/x_86_64/rh6/openmpi/1.8.0/gcc/4.8.2/lib] ==> dir [/curc/tools/x_86_64/rh6/openmpi/1.8.0/gcc/4.8.2/lib]
    arg [-L/curc/tools/x_86_64/rh6/gcc/4.8.2/lib64/../lib64] ==> dir [/curc/tools/x_86_64/rh6/gcc/4.8.2/lib64/../lib64]
    arg [-L/curc/tools/x_86_64/rh6/gcc/4.8.2/lib/../lib64] ==> dir [/curc/tools/x_86_64/rh6/gcc/4.8.2/lib/../lib64]
    arg [-L/curc/tools/x_86_64/rh6/gcc/4.8.2/lib/gcc/x86_64-unknown-linux-gnu/4.8.2] ==> dir [/curc/tools/x_86_64/rh6/gcc/4.8.2/lib/gcc/x86_64-unknown-linux-gnu/4.8.2]
    arg [-L/curc/tools/x_86_64/rh6/gcc/4.8.2/lib/gcc/x86_64-unknown-linux-gnu/4.8.2/../../../../lib64] ==> dir [/curc/tools/x_86_64/rh6/gcc/4.8.2/lib/gcc/x86_64-unknown-linux-gnu/4.8.2/../../../../lib64]
    arg [-L/lib/../lib64] ==> dir [/lib/../lib64]
    arg [-L/usr/lib/../lib64] ==> dir [/usr/lib/../lib64]
    arg [-L/curc/tools/x_86_64/rh6/openmpi/1.8.0/gcc/4.8.2/lib] ==> dir [/curc/tools/x_86_64/rh6/openmpi/1.8.0/gcc/4.8.2/lib]
    arg [-L/curc/tools/x_86_64/rh6/gcc/4.8.2/lib64] ==> dir [/curc/tools/x_86_64/rh6/gcc/4.8.2/lib64]
    arg [-L/curc/tools/x_86_64/rh6/gcc/4.8.2/lib] ==> dir [/curc/tools/x_86_64/rh6/gcc/4.8.2/lib]
    arg [-L/curc/tools/x_86_64/rh6/lapack/3.4.2/gcc/4.7.2/lib] ==> dir [/curc/tools/x_86_64/rh6/lapack/3.4.2/gcc/4.7.2/lib]
    arg [-L/projects/life9360/code/sw4-v1.1/lib] ==> dir [/projects/life9360/code/sw4-v1.1/lib]
    arg [-L/projects/life9360/code/sw4-v1.1/lib] ==> dir [/projects/life9360/code/sw4-v1.1/lib]
    arg [-L/curc/tools/x_86_64/rh6/gcc/4.8.2/lib/gcc/x86_64-unknown-linux-gnu/4.8.2/../../..] ==> dir [/curc/tools/x_86_64/rh6/gcc/4.8.2/lib/gcc/x86_64-unknown-linux-gnu/4.8.2/../../..]
    arg [CMakeFiles/cmTryCompileExec1813611111.dir/CMakeCCompilerABI.c.o] ==> ignore
    arg [-rpath] ==> ignore
    arg [/curc/tools/x_86_64/rh6/openmpi/1.8.0/gcc/4.8.2/lib] ==> ignore
    arg [--enable-new-dtags] ==> ignore
    arg [-lmpi] ==> lib [mpi]
    arg [-lgcc] ==> lib [gcc]
    arg [--as-needed] ==> ignore
    arg [-lgcc_s] ==> lib [gcc_s]
    arg [--no-as-needed] ==> ignore
    arg [-lpthread] ==> lib [pthread]
    arg [-lc] ==> lib [c]
    arg [-lgcc] ==> lib [gcc]
    arg [--as-needed] ==> ignore
    arg [-lgcc_s] ==> lib [gcc_s]
    arg [--no-as-needed] ==> ignore
    arg [/curc/tools/x_86_64/rh6/gcc/4.8.2/lib/gcc/x86_64-unknown-linux-gnu/4.8.2/crtend.o] ==> ignore
    arg [/usr/lib/../lib64/crtn.o] ==> ignore
  remove lib [gcc]
  remove lib [gcc_s]
  remove lib [gcc]
  remove lib [gcc_s]
  collapse library dir [/curc/tools/x_86_64/rh6/openmpi/1.8.0/gcc/4.8.2/lib] ==> [/curc/tools/x_86_64/rh6/openmpi/1.8.0/gcc/4.8.2/lib]
  collapse library dir [/curc/tools/x_86_64/rh6/gcc/4.8.2/lib64/../lib64] ==> [/curc/tools/x_86_64/rh6/gcc/4.8.2/lib64]
  collapse library dir [/curc/tools/x_86_64/rh6/gcc/4.8.2/lib/../lib64] ==> [/curc/tools/x_86_64/rh6/gcc/4.8.2/lib64]
  collapse library dir [/curc/tools/x_86_64/rh6/gcc/4.8.2/lib/gcc/x86_64-unknown-linux-gnu/4.8.2] ==> [/curc/tools/x_86_64/rh6/gcc/4.8.2/lib/gcc/x86_64-unknown-linux-gnu/4.8.2]
  collapse library dir [/curc/tools/x_86_64/rh6/gcc/4.8.2/lib/gcc/x86_64-unknown-linux-gnu/4.8.2/../../../../lib64] ==> [/curc/tools/x_86_64/rh6/gcc/4.8.2/lib64]
  collapse library dir [/lib/../lib64] ==> [/lib64]
  collapse library dir [/usr/lib/../lib64] ==> [/usr/lib64]
  collapse library dir [/curc/tools/x_86_64/rh6/openmpi/1.8.0/gcc/4.8.2/lib] ==> [/curc/tools/x_86_64/rh6/openmpi/1.8.0/gcc/4.8.2/lib]
  collapse library dir [/curc/tools/x_86_64/rh6/gcc/4.8.2/lib64] ==> [/curc/tools/x_86_64/rh6/gcc/4.8.2/lib64]
  collapse library dir [/curc/tools/x_86_64/rh6/gcc/4.8.2/lib] ==> [/curc/tools/x_86_64/rh6/gcc/4.8.2/lib]
  collapse library dir [/curc/tools/x_86_64/rh6/lapack/3.4.2/gcc/4.7.2/lib] ==> [/curc/tools/x_86_64/rh6/lapack/3.4.2/gcc/4.7.2/lib]
  collapse library dir [/projects/life9360/code/sw4-v1.1/lib] ==> [/projects/life9360/code/sw4-v1.1/lib]
  collapse library dir [/projects/life9360/code/sw4-v1.1/lib] ==> [/projects/life9360/code/sw4-v1.1/lib]
  collapse library dir [/curc/tools/x_86_64/rh6/gcc/4.8.2/lib/gcc/x86_64-unknown-linux-gnu/4.8.2/../../..] ==> [/curc/tools/x_86_64/rh6/gcc/4.8.2/lib]
  implicit libs: [mpi;pthread;c]
  implicit dirs: [/curc/tools/x_86_64/rh6/openmpi/1.8.0/gcc/4.8.2/lib;/curc/tools/x_86_64/rh6/gcc/4.8.2/lib64;/curc/tools/x_86_64/rh6/gcc/4.8.2/lib/gcc/x86_64-unknown-linux-gnu/4.8.2;/lib64;/usr/lib64;/curc/tools/x_86_64/rh6/gcc/4.8.2/lib;/curc/tools/x_86_64/rh6/lapack/3.4.2/gcc/4.7.2/lib;/projects/life9360/code/sw4-v1.1/lib]
  implicit fwks: []




Detecting C [-std=c11] compiler features compiled with the following output:
Change Dir: /projects/life9360/code/SW4Py/sw4img/build/CMakeFiles/CMakeTmp

Run Build Command:"/usr/bin/gmake" "cmTryCompileExec1107287134/fast"
/usr/bin/gmake -f CMakeFiles/cmTryCompileExec1107287134.dir/build.make CMakeFiles/cmTryCompileExec1107287134.dir/build
gmake[1]: Entering directory `/projects/life9360/code/SW4Py/sw4img/build/CMakeFiles/CMakeTmp'
/curc/tools/x_86_64/rh6/cmake/3.2.0/bin/cmake -E cmake_progress_report /projects/life9360/code/SW4Py/sw4img/build/CMakeFiles/CMakeTmp/CMakeFiles 1
Building C object CMakeFiles/cmTryCompileExec1107287134.dir/feature_tests.c.o
/curc/tools/x_86_64/rh6/openmpi/1.8.0/gcc/4.8.2/bin/mpicc   -std=c11 -o CMakeFiles/cmTryCompileExec1107287134.dir/feature_tests.c.o   -c /projects/life9360/code/SW4Py/sw4img/build/CMakeFiles/feature_tests.c
Linking C executable cmTryCompileExec1107287134
/curc/tools/x_86_64/rh6/cmake/3.2.0/bin/cmake -E cmake_link_script CMakeFiles/cmTryCompileExec1107287134.dir/link.txt --verbose=1
/curc/tools/x_86_64/rh6/openmpi/1.8.0/gcc/4.8.2/bin/mpicc       CMakeFiles/cmTryCompileExec1107287134.dir/feature_tests.c.o  -o cmTryCompileExec1107287134 -rdynamic 
gmake[1]: Leaving directory `/projects/life9360/code/SW4Py/sw4img/build/CMakeFiles/CMakeTmp'


    Feature record: C_FEATURE:1c_function_prototypes
    Feature record: C_FEATURE:1c_restrict
    Feature record: C_FEATURE:1c_static_assert
    Feature record: C_FEATURE:1c_variadic_macros


Detecting C [-std=c99] compiler features compiled with the following output:
Change Dir: /projects/life9360/code/SW4Py/sw4img/build/CMakeFiles/CMakeTmp

Run Build Command:"/usr/bin/gmake" "cmTryCompileExec139030541/fast"
/usr/bin/gmake -f CMakeFiles/cmTryCompileExec139030541.dir/build.make CMakeFiles/cmTryCompileExec139030541.dir/build
gmake[1]: Entering directory `/projects/life9360/code/SW4Py/sw4img/build/CMakeFiles/CMakeTmp'
/curc/tools/x_86_64/rh6/cmake/3.2.0/bin/cmake -E cmake_progress_report /projects/life9360/code/SW4Py/sw4img/build/CMakeFiles/CMakeTmp/CMakeFiles 1
Building C object CMakeFiles/cmTryCompileExec139030541.dir/feature_tests.c.o
/curc/tools/x_86_64/rh6/openmpi/1.8.0/gcc/4.8.2/bin/mpicc   -std=c99 -o CMakeFiles/cmTryCompileExec139030541.dir/feature_tests.c.o   -c /projects/life9360/code/SW4Py/sw4img/build/CMakeFiles/feature_tests.c
Linking C executable cmTryCompileExec139030541
/curc/tools/x_86_64/rh6/cmake/3.2.0/bin/cmake -E cmake_link_script CMakeFiles/cmTryCompileExec139030541.dir/link.txt --verbose=1
/curc/tools/x_86_64/rh6/openmpi/1.8.0/gcc/4.8.2/bin/mpicc       CMakeFiles/cmTryCompileExec139030541.dir/feature_tests.c.o  -o cmTryCompileExec139030541 -rdynamic 
gmake[1]: Leaving directory `/projects/life9360/code/SW4Py/sw4img/build/CMakeFiles/CMakeTmp'


    Feature record: C_FEATURE:1c_function_prototypes
    Feature record: C_FEATURE:1c_restrict
    Feature record: C_FEATURE:0c_static_assert
    Feature record: C_FEATURE:1c_variadic_macros


Detecting C [-std=c90] compiler features compiled with the following output:
Change Dir: /projects/life9360/code/SW4Py/sw4img/build/CMakeFiles/CMakeTmp

Run Build Command:"/usr/bin/gmake" "cmTryCompileExec3785536807/fast"
/usr/bin/gmake -f CMakeFiles/cmTryCompileExec3785536807.dir/build.make CMakeFiles/cmTryCompileExec3785536807.dir/build
gmake[1]: Entering directory `/projects/life9360/code/SW4Py/sw4img/build/CMakeFiles/CMakeTmp'
/curc/tools/x_86_64/rh6/cmake/3.2.0/bin/cmake -E cmake_progress_report /projects/life9360/code/SW4Py/sw4img/build/CMakeFiles/CMakeTmp/CMakeFiles 1
Building C object CMakeFiles/cmTryCompileExec3785536807.dir/feature_tests.c.o
/curc/tools/x_86_64/rh6/openmpi/1.8.0/gcc/4.8.2/bin/mpicc   -std=c90 -o CMakeFiles/cmTryCompileExec3785536807.dir/feature_tests.c.o   -c /projects/life9360/code/SW4Py/sw4img/build/CMakeFiles/feature_tests.c
Linking C executable cmTryCompileExec3785536807
/curc/tools/x_86_64/rh6/cmake/3.2.0/bin/cmake -E cmake_link_script CMakeFiles/cmTryCompileExec3785536807.dir/link.txt --verbose=1
/curc/tools/x_86_64/rh6/openmpi/1.8.0/gcc/4.8.2/bin/mpicc       CMakeFiles/cmTryCompileExec3785536807.dir/feature_tests.c.o  -o cmTryCompileExec3785536807 -rdynamic 
gmake[1]: Leaving directory `/projects/life9360/code/SW4Py/sw4img/build/CMakeFiles/CMakeTmp'


    Feature record: C_FEATURE:1c_function_prototypes
    Feature record: C_FEATURE:0c_restrict
    Feature record: C_FEATURE:0c_static_assert
    Feature record: C_FEATURE:0c_variadic_macros
Determining if the CXX compiler works passed with the following output:
Change Dir: /projects/life9360/code/SW4Py/sw4img/build/CMakeFiles/CMakeTmp

Run Build Command:"/usr/bin/gmake" "cmTryCompileExec2095337906/fast"
/usr/bin/gmake -f CMakeFiles/cmTryCompileExec2095337906.dir/build.make CMakeFiles/cmTryCompileExec2095337906.dir/build
gmake[1]: Entering directory `/projects/life9360/code/SW4Py/sw4img/build/CMakeFiles/CMakeTmp'
/curc/tools/x_86_64/rh6/cmake/3.2.0/bin/cmake -E cmake_progress_report /projects/life9360/code/SW4Py/sw4img/build/CMakeFiles/CMakeTmp/CMakeFiles 1
Building CXX object CMakeFiles/cmTryCompileExec2095337906.dir/testCXXCompiler.cxx.o
/curc/tools/x_86_64/rh6/openmpi/1.8.0/gcc/4.8.2/bin/mpicxx     -o CMakeFiles/cmTryCompileExec2095337906.dir/testCXXCompiler.cxx.o -c /projects/life9360/code/SW4Py/sw4img/build/CMakeFiles/CMakeTmp/testCXXCompiler.cxx
Linking CXX executable cmTryCompileExec2095337906
/curc/tools/x_86_64/rh6/cmake/3.2.0/bin/cmake -E cmake_link_script CMakeFiles/cmTryCompileExec2095337906.dir/link.txt --verbose=1
/curc/tools/x_86_64/rh6/openmpi/1.8.0/gcc/4.8.2/bin/mpicxx        CMakeFiles/cmTryCompileExec2095337906.dir/testCXXCompiler.cxx.o  -o cmTryCompileExec2095337906 -rdynamic 
gmake[1]: Leaving directory `/projects/life9360/code/SW4Py/sw4img/build/CMakeFiles/CMakeTmp'


Detecting CXX compiler ABI info compiled with the following output:
Change Dir: /projects/life9360/code/SW4Py/sw4img/build/CMakeFiles/CMakeTmp

Run Build Command:"/usr/bin/gmake" "cmTryCompileExec3663270761/fast"
/usr/bin/gmake -f CMakeFiles/cmTryCompileExec3663270761.dir/build.make CMakeFiles/cmTryCompileExec3663270761.dir/build
gmake[1]: Entering directory `/projects/life9360/code/SW4Py/sw4img/build/CMakeFiles/CMakeTmp'
/curc/tools/x_86_64/rh6/cmake/3.2.0/bin/cmake -E cmake_progress_report /projects/life9360/code/SW4Py/sw4img/build/CMakeFiles/CMakeTmp/CMakeFiles 1
Building CXX object CMakeFiles/cmTryCompileExec3663270761.dir/CMakeCXXCompilerABI.cpp.o
/curc/tools/x_86_64/rh6/openmpi/1.8.0/gcc/4.8.2/bin/mpicxx     -o CMakeFiles/cmTryCompileExec3663270761.dir/CMakeCXXCompilerABI.cpp.o -c /curc/tools/x_86_64/rh6/cmake/3.2.0/share/cmake-3.2/Modules/CMakeCXXCompilerABI.cpp
Linking CXX executable cmTryCompileExec3663270761
/curc/tools/x_86_64/rh6/cmake/3.2.0/bin/cmake -E cmake_link_script CMakeFiles/cmTryCompileExec3663270761.dir/link.txt --verbose=1
/curc/tools/x_86_64/rh6/openmpi/1.8.0/gcc/4.8.2/bin/mpicxx       -v CMakeFiles/cmTryCompileExec3663270761.dir/CMakeCXXCompilerABI.cpp.o  -o cmTryCompileExec3663270761 -rdynamic  
Using built-in specs.
COLLECT_GCC=/curc/tools/x_86_64/rh6/gcc/4.8.2/bin/g++
COLLECT_LTO_WRAPPER=/curc/tools/x_86_64/rh6/gcc/4.8.2/libexec/gcc/x86_64-unknown-linux-gnu/4.8.2/lto-wrapper
Target: x86_64-unknown-linux-gnu
Configured with: ../configure --prefix=/curc/tools/x_86_64/rh6/gcc/4.8.2 --enable-languages=c,c++,fortran,java --enable-shared --enable-threads=posix --disable-multilib
Thread model: posix
gcc version 4.8.2 (GCC) 
COMPILER_PATH=/curc/tools/x_86_64/rh6/gcc/4.8.2/libexec/gcc/x86_64-unknown-linux-gnu/4.8.2/:/curc/tools/x_86_64/rh6/gcc/4.8.2/libexec/gcc/x86_64-unknown-linux-gnu/4.8.2/:/curc/tools/x_86_64/rh6/gcc/4.8.2/libexec/gcc/x86_64-unknown-linux-gnu/:/curc/tools/x_86_64/rh6/gcc/4.8.2/lib/gcc/x86_64-unknown-linux-gnu/4.8.2/:/curc/tools/x_86_64/rh6/gcc/4.8.2/lib/gcc/x86_64-unknown-linux-gnu/
LIBRARY_PATH=/curc/tools/x_86_64/rh6/gcc/4.8.2/lib64/../lib64/:/curc/tools/x_86_64/rh6/gcc/4.8.2/lib/../lib64/:/curc/tools/x_86_64/rh6/gcc/4.8.2/lib/gcc/x86_64-unknown-linux-gnu/4.8.2/:/curc/tools/x_86_64/rh6/gcc/4.8.2/lib/gcc/x86_64-unknown-linux-gnu/4.8.2/../../../../lib64/:/lib/../lib64/:/usr/lib/../lib64/:/curc/tools/x_86_64/rh6/openmpi/1.8.0/gcc/4.8.2/lib/:/curc/tools/x_86_64/rh6/gcc/4.8.2/lib64/:/curc/tools/x_86_64/rh6/gcc/4.8.2/lib/:/curc/tools/x_86_64/rh6/lapack/3.4.2/gcc/4.7.2/lib/:/projects/life9360/code/sw4-v1.1/lib/:/projects/life9360/code/sw4-v1.1/lib/:/curc/tools/x_86_64/rh6/gcc/4.8.2/lib/gcc/x86_64-unknown-linux-gnu/4.8.2/../../../:/lib/:/usr/lib/
COLLECT_GCC_OPTIONS='-v' '-o' 'cmTryCompileExec3663270761' '-rdynamic' '-I' '/curc/tools/x_86_64/rh6/openmpi/1.8.0/gcc/4.8.2/include' '-pthread' '-L/curc/tools/x_86_64/rh6/openmpi/1.8.0/gcc/4.8.2/lib' '-shared-libgcc' '-mtune=generic' '-march=x86-64'
 /curc/tools/x_86_64/rh6/gcc/4.8.2/libexec/gcc/x86_64-unknown-linux-gnu/4.8.2/collect2 --eh-frame-hdr -m elf_x86_64 -export-dynamic -dynamic-linker /lib64/ld-linux-x86-64.so.2 -o cmTryCompileExec3663270761 /usr/lib/../lib64/crt1.o /usr/lib/../lib64/crti.o /curc/tools/x_86_64/rh6/gcc/4.8.2/lib/gcc/x86_64-unknown-linux-gnu/4.8.2/crtbegin.o -L/curc/tools/x_86_64/rh6/openmpi/1.8.0/gcc/4.8.2/lib -L/curc/tools/x_86_64/rh6/gcc/4.8.2/lib64/../lib64 -L/curc/tools/x_86_64/rh6/gcc/4.8.2/lib/../lib64 -L/curc/tools/x_86_64/rh6/gcc/4.8.2/lib/gcc/x86_64-unknown-linux-gnu/4.8.2 -L/curc/tools/x_86_64/rh6/gcc/4.8.2/lib/gcc/x86_64-unknown-linux-gnu/4.8.2/../../../../lib64 -L/lib/../lib64 -L/usr/lib/../lib64 -L/curc/tools/x_86_64/rh6/openmpi/1.8.0/gcc/4.8.2/lib -L/curc/tools/x_86_64/rh6/gcc/4.8.2/lib64 -L/curc/tools/x_86_64/rh6/gcc/4.8.2/lib -L/curc/tools/x_86_64/rh6/lapack/3.4.2/gcc/4.7.2/lib -L/projects/life9360/code/sw4-v1.1/lib -L/projects/life9360/code/sw4-v1.1/lib -L/curc/tools/x_86_64/rh6/gcc/4.8.2/lib/gcc/x86_64-unknown-linux-gnu/4.8.2/../../.. CMakeFiles/cmTryCompileExec3663270761.dir/CMakeCXXCompilerABI.cpp.o -rpath /curc/tools/x_86_64/rh6/openmpi/1.8.0/gcc/4.8.2/lib --enable-new-dtags -lmpi_cxx -lmpi -lstdc++ -lm -lgcc_s -lgcc -lpthread -lc -lgcc_s -lgcc /curc/tools/x_86_64/rh6/gcc/4.8.2/lib/gcc/x86_64-unknown-linux-gnu/4.8.2/crtend.o /usr/lib/../lib64/crtn.o
gmake[1]: Leaving directory `/projects/life9360/code/SW4Py/sw4img/build/CMakeFiles/CMakeTmp'


Parsed CXX implicit link information from above output:
  link line regex: [^( *|.*[/\])(ld|([^/\]+-)?ld|collect2)[^/\]*( |$)]
  ignore line: [Change Dir: /projects/life9360/code/SW4Py/sw4img/build/CMakeFiles/CMakeTmp]
  ignore line: []
  ignore line: [Run Build Command:"/usr/bin/gmake" "cmTryCompileExec3663270761/fast"]
  ignore line: [/usr/bin/gmake -f CMakeFiles/cmTryCompileExec3663270761.dir/build.make CMakeFiles/cmTryCompileExec3663270761.dir/build]
  ignore line: [gmake[1]: Entering directory `/projects/life9360/code/SW4Py/sw4img/build/CMakeFiles/CMakeTmp']
  ignore line: [/curc/tools/x_86_64/rh6/cmake/3.2.0/bin/cmake -E cmake_progress_report /projects/life9360/code/SW4Py/sw4img/build/CMakeFiles/CMakeTmp/CMakeFiles 1]
  ignore line: [Building CXX object CMakeFiles/cmTryCompileExec3663270761.dir/CMakeCXXCompilerABI.cpp.o]
  ignore line: [/curc/tools/x_86_64/rh6/openmpi/1.8.0/gcc/4.8.2/bin/mpicxx     -o CMakeFiles/cmTryCompileExec3663270761.dir/CMakeCXXCompilerABI.cpp.o -c /curc/tools/x_86_64/rh6/cmake/3.2.0/share/cmake-3.2/Modules/CMakeCXXCompilerABI.cpp]
  ignore line: [Linking CXX executable cmTryCompileExec3663270761]
  ignore line: [/curc/tools/x_86_64/rh6/cmake/3.2.0/bin/cmake -E cmake_link_script CMakeFiles/cmTryCompileExec3663270761.dir/link.txt --verbose=1]
  ignore line: [/curc/tools/x_86_64/rh6/openmpi/1.8.0/gcc/4.8.2/bin/mpicxx       -v CMakeFiles/cmTryCompileExec3663270761.dir/CMakeCXXCompilerABI.cpp.o  -o cmTryCompileExec3663270761 -rdynamic  ]
  ignore line: [Using built-in specs.]
  ignore line: [COLLECT_GCC=/curc/tools/x_86_64/rh6/gcc/4.8.2/bin/g++]
  ignore line: [COLLECT_LTO_WRAPPER=/curc/tools/x_86_64/rh6/gcc/4.8.2/libexec/gcc/x86_64-unknown-linux-gnu/4.8.2/lto-wrapper]
  ignore line: [Target: x86_64-unknown-linux-gnu]
  ignore line: [Configured with: ../configure --prefix=/curc/tools/x_86_64/rh6/gcc/4.8.2 --enable-languages=c,c++,fortran,java --enable-shared --enable-threads=posix --disable-multilib]
  ignore line: [Thread model: posix]
  ignore line: [gcc version 4.8.2 (GCC) ]
  ignore line: [COMPILER_PATH=/curc/tools/x_86_64/rh6/gcc/4.8.2/libexec/gcc/x86_64-unknown-linux-gnu/4.8.2/:/curc/tools/x_86_64/rh6/gcc/4.8.2/libexec/gcc/x86_64-unknown-linux-gnu/4.8.2/:/curc/tools/x_86_64/rh6/gcc/4.8.2/libexec/gcc/x86_64-unknown-linux-gnu/:/curc/tools/x_86_64/rh6/gcc/4.8.2/lib/gcc/x86_64-unknown-linux-gnu/4.8.2/:/curc/tools/x_86_64/rh6/gcc/4.8.2/lib/gcc/x86_64-unknown-linux-gnu/]
  ignore line: [LIBRARY_PATH=/curc/tools/x_86_64/rh6/gcc/4.8.2/lib64/../lib64/:/curc/tools/x_86_64/rh6/gcc/4.8.2/lib/../lib64/:/curc/tools/x_86_64/rh6/gcc/4.8.2/lib/gcc/x86_64-unknown-linux-gnu/4.8.2/:/curc/tools/x_86_64/rh6/gcc/4.8.2/lib/gcc/x86_64-unknown-linux-gnu/4.8.2/../../../../lib64/:/lib/../lib64/:/usr/lib/../lib64/:/curc/tools/x_86_64/rh6/openmpi/1.8.0/gcc/4.8.2/lib/:/curc/tools/x_86_64/rh6/gcc/4.8.2/lib64/:/curc/tools/x_86_64/rh6/gcc/4.8.2/lib/:/curc/tools/x_86_64/rh6/lapack/3.4.2/gcc/4.7.2/lib/:/projects/life9360/code/sw4-v1.1/lib/:/projects/life9360/code/sw4-v1.1/lib/:/curc/tools/x_86_64/rh6/gcc/4.8.2/lib/gcc/x86_64-unknown-linux-gnu/4.8.2/../../../:/lib/:/usr/lib/]
  ignore line: [COLLECT_GCC_OPTIONS='-v' '-o' 'cmTryCompileExec3663270761' '-rdynamic' '-I' '/curc/tools/x_86_64/rh6/openmpi/1.8.0/gcc/4.8.2/include' '-pthread' '-L/curc/tools/x_86_64/rh6/openmpi/1.8.0/gcc/4.8.2/lib' '-shared-libgcc' '-mtune=generic' '-march=x86-64']
  link line: [ /curc/tools/x_86_64/rh6/gcc/4.8.2/libexec/gcc/x86_64-unknown-linux-gnu/4.8.2/collect2 --eh-frame-hdr -m elf_x86_64 -export-dynamic -dynamic-linker /lib64/ld-linux-x86-64.so.2 -o cmTryCompileExec3663270761 /usr/lib/../lib64/crt1.o /usr/lib/../lib64/crti.o /curc/tools/x_86_64/rh6/gcc/4.8.2/lib/gcc/x86_64-unknown-linux-gnu/4.8.2/crtbegin.o -L/curc/tools/x_86_64/rh6/openmpi/1.8.0/gcc/4.8.2/lib -L/curc/tools/x_86_64/rh6/gcc/4.8.2/lib64/../lib64 -L/curc/tools/x_86_64/rh6/gcc/4.8.2/lib/../lib64 -L/curc/tools/x_86_64/rh6/gcc/4.8.2/lib/gcc/x86_64-unknown-linux-gnu/4.8.2 -L/curc/tools/x_86_64/rh6/gcc/4.8.2/lib/gcc/x86_64-unknown-linux-gnu/4.8.2/../../../../lib64 -L/lib/../lib64 -L/usr/lib/../lib64 -L/curc/tools/x_86_64/rh6/openmpi/1.8.0/gcc/4.8.2/lib -L/curc/tools/x_86_64/rh6/gcc/4.8.2/lib64 -L/curc/tools/x_86_64/rh6/gcc/4.8.2/lib -L/curc/tools/x_86_64/rh6/lapack/3.4.2/gcc/4.7.2/lib -L/projects/life9360/code/sw4-v1.1/lib -L/projects/life9360/code/sw4-v1.1/lib -L/curc/tools/x_86_64/rh6/gcc/4.8.2/lib/gcc/x86_64-unknown-linux-gnu/4.8.2/../../.. CMakeFiles/cmTryCompileExec3663270761.dir/CMakeCXXCompilerABI.cpp.o -rpath /curc/tools/x_86_64/rh6/openmpi/1.8.0/gcc/4.8.2/lib --enable-new-dtags -lmpi_cxx -lmpi -lstdc++ -lm -lgcc_s -lgcc -lpthread -lc -lgcc_s -lgcc /curc/tools/x_86_64/rh6/gcc/4.8.2/lib/gcc/x86_64-unknown-linux-gnu/4.8.2/crtend.o /usr/lib/../lib64/crtn.o]
    arg [/curc/tools/x_86_64/rh6/gcc/4.8.2/libexec/gcc/x86_64-unknown-linux-gnu/4.8.2/collect2] ==> ignore
    arg [--eh-frame-hdr] ==> ignore
    arg [-m] ==> ignore
    arg [elf_x86_64] ==> ignore
    arg [-export-dynamic] ==> ignore
    arg [-dynamic-linker] ==> ignore
    arg [/lib64/ld-linux-x86-64.so.2] ==> ignore
    arg [-o] ==> ignore
    arg [cmTryCompileExec3663270761] ==> ignore
    arg [/usr/lib/../lib64/crt1.o] ==> ignore
    arg [/usr/lib/../lib64/crti.o] ==> ignore
    arg [/curc/tools/x_86_64/rh6/gcc/4.8.2/lib/gcc/x86_64-unknown-linux-gnu/4.8.2/crtbegin.o] ==> ignore
    arg [-L/curc/tools/x_86_64/rh6/openmpi/1.8.0/gcc/4.8.2/lib] ==> dir [/curc/tools/x_86_64/rh6/openmpi/1.8.0/gcc/4.8.2/lib]
    arg [-L/curc/tools/x_86_64/rh6/gcc/4.8.2/lib64/../lib64] ==> dir [/curc/tools/x_86_64/rh6/gcc/4.8.2/lib64/../lib64]
    arg [-L/curc/tools/x_86_64/rh6/gcc/4.8.2/lib/../lib64] ==> dir [/curc/tools/x_86_64/rh6/gcc/4.8.2/lib/../lib64]
    arg [-L/curc/tools/x_86_64/rh6/gcc/4.8.2/lib/gcc/x86_64-unknown-linux-gnu/4.8.2] ==> dir [/curc/tools/x_86_64/rh6/gcc/4.8.2/lib/gcc/x86_64-unknown-linux-gnu/4.8.2]
    arg [-L/curc/tools/x_86_64/rh6/gcc/4.8.2/lib/gcc/x86_64-unknown-linux-gnu/4.8.2/../../../../lib64] ==> dir [/curc/tools/x_86_64/rh6/gcc/4.8.2/lib/gcc/x86_64-unknown-linux-gnu/4.8.2/../../../../lib64]
    arg [-L/lib/../lib64] ==> dir [/lib/../lib64]
    arg [-L/usr/lib/../lib64] ==> dir [/usr/lib/../lib64]
    arg [-L/curc/tools/x_86_64/rh6/openmpi/1.8.0/gcc/4.8.2/lib] ==> dir [/curc/tools/x_86_64/rh6/openmpi/1.8.0/gcc/4.8.2/lib]
    arg [-L/curc/tools/x_86_64/rh6/gcc/4.8.2/lib64] ==> dir [/curc/tools/x_86_64/rh6/gcc/4.8.2/lib64]
    arg [-L/curc/tools/x_86_64/rh6/gcc/4.8.2/lib] ==> dir [/curc/tools/x_86_64/rh6/gcc/4.8.2/lib]
    arg [-L/curc/tools/x_86_64/rh6/lapack/3.4.2/gcc/4.7.2/lib] ==> dir [/curc/tools/x_86_64/rh6/lapack/3.4.2/gcc/4.7.2/lib]
    arg [-L/projects/life9360/code/sw4-v1.1/lib] ==> dir [/projects/life9360/code/sw4-v1.1/lib]
    arg [-L/projects/life9360/code/sw4-v1.1/lib] ==> dir [/projects/life9360/code/sw4-v1.1/lib]
    arg [-L/curc/tools/x_86_64/rh6/gcc/4.8.2/lib/gcc/x86_64-unknown-linux-gnu/4.8.2/../../..] ==> dir [/curc/tools/x_86_64/rh6/gcc/4.8.2/lib/gcc/x86_64-unknown-linux-gnu/4.8.2/../../..]
    arg [CMakeFiles/cmTryCompileExec3663270761.dir/CMakeCXXCompilerABI.cpp.o] ==> ignore
    arg [-rpath] ==> ignore
    arg [/curc/tools/x_86_64/rh6/openmpi/1.8.0/gcc/4.8.2/lib] ==> ignore
    arg [--enable-new-dtags] ==> ignore
    arg [-lmpi_cxx] ==> lib [mpi_cxx]
    arg [-lmpi] ==> lib [mpi]
    arg [-lstdc++] ==> lib [stdc++]
    arg [-lm] ==> lib [m]
    arg [-lgcc_s] ==> lib [gcc_s]
    arg [-lgcc] ==> lib [gcc]
    arg [-lpthread] ==> lib [pthread]
    arg [-lc] ==> lib [c]
    arg [-lgcc_s] ==> lib [gcc_s]
    arg [-lgcc] ==> lib [gcc]
    arg [/curc/tools/x_86_64/rh6/gcc/4.8.2/lib/gcc/x86_64-unknown-linux-gnu/4.8.2/crtend.o] ==> ignore
    arg [/usr/lib/../lib64/crtn.o] ==> ignore
  remove lib [gcc_s]
  remove lib [gcc]
  remove lib [gcc_s]
  remove lib [gcc]
  collapse library dir [/curc/tools/x_86_64/rh6/openmpi/1.8.0/gcc/4.8.2/lib] ==> [/curc/tools/x_86_64/rh6/openmpi/1.8.0/gcc/4.8.2/lib]
  collapse library dir [/curc/tools/x_86_64/rh6/gcc/4.8.2/lib64/../lib64] ==> [/curc/tools/x_86_64/rh6/gcc/4.8.2/lib64]
  collapse library dir [/curc/tools/x_86_64/rh6/gcc/4.8.2/lib/../lib64] ==> [/curc/tools/x_86_64/rh6/gcc/4.8.2/lib64]
  collapse library dir [/curc/tools/x_86_64/rh6/gcc/4.8.2/lib/gcc/x86_64-unknown-linux-gnu/4.8.2] ==> [/curc/tools/x_86_64/rh6/gcc/4.8.2/lib/gcc/x86_64-unknown-linux-gnu/4.8.2]
  collapse library dir [/curc/tools/x_86_64/rh6/gcc/4.8.2/lib/gcc/x86_64-unknown-linux-gnu/4.8.2/../../../../lib64] ==> [/curc/tools/x_86_64/rh6/gcc/4.8.2/lib64]
  collapse library dir [/lib/../lib64] ==> [/lib64]
  collapse library dir [/usr/lib/../lib64] ==> [/usr/lib64]
  collapse library dir [/curc/tools/x_86_64/rh6/openmpi/1.8.0/gcc/4.8.2/lib] ==> [/curc/tools/x_86_64/rh6/openmpi/1.8.0/gcc/4.8.2/lib]
  collapse library dir [/curc/tools/x_86_64/rh6/gcc/4.8.2/lib64] ==> [/curc/tools/x_86_64/rh6/gcc/4.8.2/lib64]
  collapse library dir [/curc/tools/x_86_64/rh6/gcc/4.8.2/lib] ==> [/curc/tools/x_86_64/rh6/gcc/4.8.2/lib]
  collapse library dir [/curc/tools/x_86_64/rh6/lapack/3.4.2/gcc/4.7.2/lib] ==> [/curc/tools/x_86_64/rh6/lapack/3.4.2/gcc/4.7.2/lib]
  collapse library dir [/projects/life9360/code/sw4-v1.1/lib] ==> [/projects/life9360/code/sw4-v1.1/lib]
  collapse library dir [/projects/life9360/code/sw4-v1.1/lib] ==> [/projects/life9360/code/sw4-v1.1/lib]
  collapse library dir [/curc/tools/x_86_64/rh6/gcc/4.8.2/lib/gcc/x86_64-unknown-linux-gnu/4.8.2/../../..] ==> [/curc/tools/x_86_64/rh6/gcc/4.8.2/lib]
  implicit libs: [mpi_cxx;mpi;stdc++;m;pthread;c]
  implicit dirs: [/curc/tools/x_86_64/rh6/openmpi/1.8.0/gcc/4.8.2/lib;/curc/tools/x_86_64/rh6/gcc/4.8.2/lib64;/curc/tools/x_86_64/rh6/gcc/4.8.2/lib/gcc/x86_64-unknown-linux-gnu/4.8.2;/lib64;/usr/lib64;/curc/tools/x_86_64/rh6/gcc/4.8.2/lib;/curc/tools/x_86_64/rh6/lapack/3.4.2/gcc/4.7.2/lib;/projects/life9360/code/sw4-v1.1/lib]
  implicit fwks: []




Detecting CXX [-std=c++1y] compiler features compiled with the following output:
Change Dir: /projects/life9360/code/SW4Py/sw4img/build/CMakeFiles/CMakeTmp

Run Build Command:"/usr/bin/gmake" "cmTryCompileExec1474923134/fast"
/usr/bin/gmake -f CMakeFiles/cmTryCompileExec1474923134.dir/build.make CMakeFiles/cmTryCompileExec1474923134.dir/build
gmake[1]: Entering directory `/projects/life9360/code/SW4Py/sw4img/build/CMakeFiles/CMakeTmp'
/curc/tools/x_86_64/rh6/cmake/3.2.0/bin/cmake -E cmake_progress_report /projects/life9360/code/SW4Py/sw4img/build/CMakeFiles/CMakeTmp/CMakeFiles 1
Building CXX object CMakeFiles/cmTryCompileExec1474923134.dir/feature_tests.cxx.o
/curc/tools/x_86_64/rh6/openmpi/1.8.0/gcc/4.8.2/bin/mpicxx    -std=c++1y -o CMakeFiles/cmTryCompileExec1474923134.dir/feature_tests.cxx.o -c /projects/life9360/code/SW4Py/sw4img/build/CMakeFiles/feature_tests.cxx
Linking CXX executable cmTryCompileExec1474923134
/curc/tools/x_86_64/rh6/cmake/3.2.0/bin/cmake -E cmake_link_script CMakeFiles/cmTryCompileExec1474923134.dir/link.txt --verbose=1
/curc/tools/x_86_64/rh6/openmpi/1.8.0/gcc/4.8.2/bin/mpicxx        CMakeFiles/cmTryCompileExec1474923134.dir/feature_tests.cxx.o  -o cmTryCompileExec1474923134 -rdynamic 
gmake[1]: Leaving directory `/projects/life9360/code/SW4Py/sw4img/build/CMakeFiles/CMakeTmp'


    Feature record: CXX_FEATURE:0cxx_aggregate_default_initializers
    Feature record: CXX_FEATURE:1cxx_alias_templates
    Feature record: CXX_FEATURE:1cxx_alignas
    Feature record: CXX_FEATURE:1cxx_alignof
    Feature record: CXX_FEATURE:1cxx_attributes
    Feature record: CXX_FEATURE:0cxx_attribute_deprecated
    Feature record: CXX_FEATURE:1cxx_auto_type
    Feature record: CXX_FEATURE:0cxx_binary_literals
    Feature record: CXX_FEATURE:1cxx_constexpr
    Feature record: CXX_FEATURE:0cxx_contextual_conversions
    Feature record: CXX_FEATURE:1cxx_decltype
    Feature record: CXX_FEATURE:0cxx_decltype_auto
    Feature record: CXX_FEATURE:1cxx_decltype_incomplete_return_types
    Feature record: CXX_FEATURE:1cxx_default_function_template_args
    Feature record: CXX_FEATURE:1cxx_defaulted_functions
    Feature record: CXX_FEATURE:1cxx_defaulted_move_initializers
    Feature record: CXX_FEATURE:1cxx_delegating_constructors
    Feature record: CXX_FEATURE:1cxx_deleted_functions
    Feature record: CXX_FEATURE:0cxx_digit_separators
    Feature record: CXX_FEATURE:1cxx_enum_forward_declarations
    Feature record: CXX_FEATURE:1cxx_explicit_conversions
    Feature record: CXX_FEATURE:1cxx_extended_friend_declarations
    Feature record: CXX_FEATURE:1cxx_extern_templates
    Feature record: CXX_FEATURE:1cxx_final
    Feature record: CXX_FEATURE:1cxx_func_identifier
    Feature record: CXX_FEATURE:1cxx_generalized_initializers
    Feature record: CXX_FEATURE:0cxx_generic_lambdas
    Feature record: CXX_FEATURE:1cxx_inheriting_constructors
    Feature record: CXX_FEATURE:1cxx_inline_namespaces
    Feature record: CXX_FEATURE:1cxx_lambdas
    Feature record: CXX_FEATURE:0cxx_lambda_init_captures
    Feature record: CXX_FEATURE:1cxx_local_type_template_args
    Feature record: CXX_FEATURE:1cxx_long_long_type
    Feature record: CXX_FEATURE:1cxx_noexcept
    Feature record: CXX_FEATURE:1cxx_nonstatic_member_init
    Feature record: CXX_FEATURE:1cxx_nullptr
    Feature record: CXX_FEATURE:1cxx_override
    Feature record: CXX_FEATURE:1cxx_range_for
    Feature record: CXX_FEATURE:1cxx_raw_string_literals
    Feature record: CXX_FEATURE:1cxx_reference_qualified_functions
    Feature record: CXX_FEATURE:0cxx_relaxed_constexpr
    Feature record: CXX_FEATURE:0cxx_return_type_deduction
    Feature record: CXX_FEATURE:1cxx_right_angle_brackets
    Feature record: CXX_FEATURE:1cxx_rvalue_references
    Feature record: CXX_FEATURE:1cxx_sizeof_member
    Feature record: CXX_FEATURE:1cxx_static_assert
    Feature record: CXX_FEATURE:1cxx_strong_enums
    Feature record: CXX_FEATURE:1cxx_template_template_parameters
    Feature record: CXX_FEATURE:1cxx_thread_local
    Feature record: CXX_FEATURE:1cxx_trailing_return_types
    Feature record: CXX_FEATURE:1cxx_unicode_literals
    Feature record: CXX_FEATURE:1cxx_uniform_initialization
    Feature record: CXX_FEATURE:1cxx_unrestricted_unions
    Feature record: CXX_FEATURE:1cxx_user_literals
    Feature record: CXX_FEATURE:0cxx_variable_templates
    Feature record: CXX_FEATURE:1cxx_variadic_macros
    Feature record: CXX_FEATURE:1cxx_variadic_templates


Detecting CXX [-std=c++11] compiler features compiled with the following output:
Change Dir: /projects/life9360/code/SW4Py/sw4img/build/CMakeFiles/CMakeTmp

Run Build Command:"/usr/bin/gmake" "cmTryCompileExec2508827880/fast"
/usr/bin/gmake -f CMakeFiles/cmTryCompileExec2508827880.dir/build.make CMakeFiles/cmTryCompileExec2508827880.dir/build
gmake[1]: Entering directory `/projects/life9360/code/SW4Py/sw4img/build/CMakeFiles/CMakeTmp'
/curc/tools/x_86_64/rh6/cmake/3.2.0/bin/cmake -E cmake_progress_report /projects/life9360/code/SW4Py/sw4img/build/CMakeFiles/CMakeTmp/CMakeFiles 1
Building CXX object CMakeFiles/cmTryCompileExec2508827880.dir/feature_tests.cxx.o
/curc/tools/x_86_64/rh6/openmpi/1.8.0/gcc/4.8.2/bin/mpicxx    -std=c++11 -o CMakeFiles/cmTryCompileExec2508827880.dir/feature_tests.cxx.o -c /projects/life9360/code/SW4Py/sw4img/build/CMakeFiles/feature_tests.cxx
Linking CXX executable cmTryCompileExec2508827880
/curc/tools/x_86_64/rh6/cmake/3.2.0/bin/cmake -E cmake_link_script CMakeFiles/cmTryCompileExec2508827880.dir/link.txt --verbose=1
/curc/tools/x_86_64/rh6/openmpi/1.8.0/gcc/4.8.2/bin/mpicxx        CMakeFiles/cmTryCompileExec2508827880.dir/feature_tests.cxx.o  -o cmTryCompileExec2508827880 -rdynamic 
gmake[1]: Leaving directory `/projects/life9360/code/SW4Py/sw4img/build/CMakeFiles/CMakeTmp'


    Feature record: CXX_FEATURE:0cxx_aggregate_default_initializers
    Feature record: CXX_FEATURE:1cxx_alias_templates
    Feature record: CXX_FEATURE:1cxx_alignas
    Feature record: CXX_FEATURE:1cxx_alignof
    Feature record: CXX_FEATURE:1cxx_attributes
    Feature record: CXX_FEATURE:0cxx_attribute_deprecated
    Feature record: CXX_FEATURE:1cxx_auto_type
    Feature record: CXX_FEATURE:0cxx_binary_literals
    Feature record: CXX_FEATURE:1cxx_constexpr
    Feature record: CXX_FEATURE:0cxx_contextual_conversions
    Feature record: CXX_FEATURE:1cxx_decltype
    Feature record: CXX_FEATURE:0cxx_decltype_auto
    Feature record: CXX_FEATURE:1cxx_decltype_incomplete_return_types
    Feature record: CXX_FEATURE:1cxx_default_function_template_args
    Feature record: CXX_FEATURE:1cxx_defaulted_functions
    Feature record: CXX_FEATURE:1cxx_defaulted_move_initializers
    Feature record: CXX_FEATURE:1cxx_delegating_constructors
    Feature record: CXX_FEATURE:1cxx_deleted_functions
    Feature record: CXX_FEATURE:0cxx_digit_separators
    Feature record: CXX_FEATURE:1cxx_enum_forward_declarations
    Feature record: CXX_FEATURE:1cxx_explicit_conversions
    Feature record: CXX_FEATURE:1cxx_extended_friend_declarations
    Feature record: CXX_FEATURE:1cxx_extern_templates
    Feature record: CXX_FEATURE:1cxx_final
    Feature record: CXX_FEATURE:1cxx_func_identifier
    Feature record: CXX_FEATURE:1cxx_generalized_initializers
    Feature record: CXX_FEATURE:0cxx_generic_lambdas
    Feature record: CXX_FEATURE:1cxx_inheriting_constructors
    Feature record: CXX_FEATURE:1cxx_inline_namespaces
    Feature record: CXX_FEATURE:1cxx_lambdas
    Feature record: CXX_FEATURE:0cxx_lambda_init_captures
    Feature record: CXX_FEATURE:1cxx_local_type_template_args
    Feature record: CXX_FEATURE:1cxx_long_long_type
    Feature record: CXX_FEATURE:1cxx_noexcept
    Feature record: CXX_FEATURE:1cxx_nonstatic_member_init
    Feature record: CXX_FEATURE:1cxx_nullptr
    Feature record: CXX_FEATURE:1cxx_override
    Feature record: CXX_FEATURE:1cxx_range_for
    Feature record: CXX_FEATURE:1cxx_raw_string_literals
    Feature record: CXX_FEATURE:1cxx_reference_qualified_functions
    Feature record: CXX_FEATURE:0cxx_relaxed_constexpr
    Feature record: CXX_FEATURE:0cxx_return_type_deduction
    Feature record: CXX_FEATURE:1cxx_right_angle_brackets
    Feature record: CXX_FEATURE:1cxx_rvalue_references
    Feature record: CXX_FEATURE:1cxx_sizeof_member
    Feature record: CXX_FEATURE:1cxx_static_assert
    Feature record: CXX_FEATURE:1cxx_strong_enums
    Feature record: CXX_FEATURE:1cxx_template_template_parameters
    Feature record: CXX_FEATURE:1cxx_thread_local
    Feature record: CXX_FEATURE:1cxx_trailing_return_types
    Feature record: CXX_FEATURE:1cxx_unicode_literals
    Feature record: CXX_FEATURE:1cxx_uniform_initialization
    Feature record: CXX_FEATURE:1cxx_unrestricted_unions
    Feature record: CXX_FEATURE:1cxx_user_literals
    Feature record: CXX_FEATURE:0cxx_variable_templates
    Feature record: CXX_FEATURE:1cxx_variadic_macros
    Feature record: CXX_FEATURE:1cxx_variadic_templates


Detecting CXX [-std=c++98] compiler features compiled with the following output:
Change Dir: /projects/life9360/code/SW4Py/sw4img/build/CMakeFiles/CMakeTmp

Run Build Command:"/usr/bin/gmake" "cmTryCompileExec3040205085/fast"
/usr/bin/gmake -f CMakeFiles/cmTryCompileExec3040205085.dir/build.make CMakeFiles/cmTryCompileExec3040205085.dir/build
gmake[1]: Entering directory `/projects/life9360/code/SW4Py/sw4img/build/CMakeFiles/CMakeTmp'
/curc/tools/x_86_64/rh6/cmake/3.2.0/bin/cmake -E cmake_progress_report /projects/life9360/code/SW4Py/sw4img/build/CMakeFiles/CMakeTmp/CMakeFiles 1
Building CXX object CMakeFiles/cmTryCompileExec3040205085.dir/feature_tests.cxx.o
/curc/tools/x_86_64/rh6/openmpi/1.8.0/gcc/4.8.2/bin/mpicxx    -std=c++98 -o CMakeFiles/cmTryCompileExec3040205085.dir/feature_tests.cxx.o -c /projects/life9360/code/SW4Py/sw4img/build/CMakeFiles/feature_tests.cxx
Linking CXX executable cmTryCompileExec3040205085
/curc/tools/x_86_64/rh6/cmake/3.2.0/bin/cmake -E cmake_link_script CMakeFiles/cmTryCompileExec3040205085.dir/link.txt --verbose=1
/curc/tools/x_86_64/rh6/openmpi/1.8.0/gcc/4.8.2/bin/mpicxx        CMakeFiles/cmTryCompileExec3040205085.dir/feature_tests.cxx.o  -o cmTryCompileExec3040205085 -rdynamic 
gmake[1]: Leaving directory `/projects/life9360/code/SW4Py/sw4img/build/CMakeFiles/CMakeTmp'


    Feature record: CXX_FEATURE:0cxx_aggregate_default_initializers
    Feature record: CXX_FEATURE:0cxx_alias_templates
    Feature record: CXX_FEATURE:0cxx_alignas
    Feature record: CXX_FEATURE:0cxx_alignof
    Feature record: CXX_FEATURE:0cxx_attributes
    Feature record: CXX_FEATURE:0cxx_attribute_deprecated
    Feature record: CXX_FEATURE:0cxx_auto_type
    Feature record: CXX_FEATURE:0cxx_binary_literals
    Feature record: CXX_FEATURE:0cxx_constexpr
    Feature record: CXX_FEATURE:0cxx_contextual_conversions
    Feature record: CXX_FEATURE:0cxx_decltype
    Feature record: CXX_FEATURE:0cxx_decltype_auto
    Feature record: CXX_FEATURE:0cxx_decltype_incomplete_return_types
    Feature record: CXX_FEATURE:0cxx_default_function_template_args
    Feature record: CXX_FEATURE:0cxx_defaulted_functions
    Feature record: CXX_FEATURE:0cxx_defaulted_move_initializers
    Feature record: CXX_FEATURE:0cxx_delegating_constructors
    Feature record: CXX_FEATURE:0cxx_deleted_functions
    Feature record: CXX_FEATURE:0cxx_digit_separators
    Feature record: CXX_FEATURE:0cxx_enum_forward_declarations
    Feature record: CXX_FEATURE:0cxx_explicit_conversions
    Feature record: CXX_FEATURE:0cxx_extended_friend_declarations
    Feature record: CXX_FEATURE:0cxx_extern_templates
    Feature record: CXX_FEATURE:0cxx_final
    Feature record: CXX_FEATURE:0cxx_func_identifier
    Feature record: CXX_FEATURE:0cxx_generalized_initializers
    Feature record: CXX_FEATURE:0cxx_generic_lambdas
    Feature record: CXX_FEATURE:0cxx_inheriting_constructors
    Feature record: CXX_FEATURE:0cxx_inline_namespaces
    Feature record: CXX_FEATURE:0cxx_lambdas
    Feature record: CXX_FEATURE:0cxx_lambda_init_captures
    Feature record: CXX_FEATURE:0cxx_local_type_template_args
    Feature record: CXX_FEATURE:0cxx_long_long_type
    Feature record: CXX_FEATURE:0cxx_noexcept
    Feature record: CXX_FEATURE:0cxx_nonstatic_member_init
    Feature record: CXX_FEATURE:0cxx_nullptr
    Feature record: CXX_FEATURE:0cxx_override
    Feature record: CXX_FEATURE:0cxx_range_for
    Feature record: CXX_FEATURE:0cxx_raw_string_literals
    Feature record: CXX_FEATURE:0cxx_reference_qualified_functions
    Feature record: CXX_FEATURE:0cxx_relaxed_constexpr
    Feature record: CXX_FEATURE:0cxx_return_type_deduction
    Feature record: CXX_FEATURE:0cxx_right_angle_brackets
    Feature record: CXX_FEATURE:0cxx_rvalue_references
    Feature record: CXX_FEATURE:0cxx_sizeof_member
    Feature record: CXX_FEATURE:0cxx_static_assert
    Feature record: CXX_FEATURE:0cxx_strong_enums
    Feature record: CXX_FEATURE:1cxx_template_template_parameters
    Feature record: CXX_FEATURE:0cxx_thread_local
    Feature record: CXX_FEATURE:0cxx_trailing_return_types
    Feature record: CXX_FEATURE:0cxx_unicode_literals
    Feature record: CXX_FEATURE:0cxx_uniform_initialization
    Feature record: CXX_FEATURE:0cxx_unrestricted_unions
    Feature record: CXX_FEATURE:0cxx_user_literals
    Feature record: CXX_FEATURE:0cxx_variable_templates
    Feature record: CXX_FEATURE:0cxx_variadic_macros
    Feature record: CXX_FEATURE:0cxx_variadic_templates
